{"C:\\Users\\muneeb\\Downloads\\timeoff-service\\timeoff-service\\mock-hcm\\server.js": {"path":"C:\\Users\\muneeb\\Downloads\\timeoff-service\\timeoff-service\\mock-hcm\\server.js","statementMap":{"0":{"start":{"line":16,"column":16},"end":{"line":16,"column":34}},"1":{"start":{"line":17,"column":12},"end":{"line":17,"column":21}},"2":{"start":{"line":18,"column":0},"end":{"line":18,"column":24}},"3":{"start":{"line":20,"column":13},"end":{"line":20,"column":41}},"4":{"start":{"line":21,"column":16},"end":{"line":21,"column":68}},"5":{"start":{"line":25,"column":15},"end":{"line":25,"column":17}},"6":{"start":{"line":28,"column":17},"end":{"line":28,"column":19}},"7":{"start":{"line":31,"column":17},"end":{"line":31,"column":21}},"8":{"start":{"line":32,"column":21},"end":{"line":32,"column":22}},"9":{"start":{"line":36,"column":14},"end":{"line":36,"column":38}},"10":{"start":{"line":37,"column":2},"end":{"line":39,"column":3}},"11":{"start":{"line":38,"column":4},"end":{"line":38,"column":87}},"12":{"start":{"line":40,"column":2},"end":{"line":40,"column":9}},"13":{"start":{"line":45,"column":2},"end":{"line":70,"column":3}},"14":{"start":{"line":46,"column":4},"end":{"line":69,"column":5}},"15":{"start":{"line":47,"column":6},"end":{"line":47,"column":23}},"16":{"start":{"line":48,"column":6},"end":{"line":52,"column":7}},"17":{"start":{"line":50,"column":8},"end":{"line":50,"column":29}},"18":{"start":{"line":51,"column":8},"end":{"line":51,"column":15}},"19":{"start":{"line":53,"column":6},"end":{"line":58,"column":7}},"20":{"start":{"line":54,"column":8},"end":{"line":57,"column":11}},"21":{"start":{"line":59,"column":6},"end":{"line":62,"column":7}},"22":{"start":{"line":61,"column":8},"end":{"line":61,"column":55}},"23":{"start":{"line":63,"column":6},"end":{"line":65,"column":7}},"24":{"start":{"line":64,"column":8},"end":{"line":64,"column":71}},"25":{"start":{"line":67,"column":6},"end":{"line":67,"column":24}},"26":{"start":{"line":68,"column":6},"end":{"line":68,"column":25}},"27":{"start":{"line":71,"column":2},"end":{"line":71,"column":9}},"28":{"start":{"line":74,"column":0},"end":{"line":74,"column":28}},"29":{"start":{"line":78,"column":2},"end":{"line":80,"column":11}},"30":{"start":{"line":84,"column":2},"end":{"line":84,"column":55}},"31":{"start":{"line":84,"column":29},"end":{"line":84,"column":55}},"32":{"start":{"line":85,"column":2},"end":{"line":85,"column":79}},"33":{"start":{"line":94,"column":0},"end":{"line":117,"column":3}},"34":{"start":{"line":95,"column":37},"end":{"line":95,"column":46}},"35":{"start":{"line":97,"column":2},"end":{"line":99,"column":3}},"36":{"start":{"line":98,"column":4},"end":{"line":98,"column":85}},"37":{"start":{"line":101,"column":18},"end":{"line":101,"column":52}},"38":{"start":{"line":103,"column":2},"end":{"line":108,"column":3}},"39":{"start":{"line":104,"column":4},"end":{"line":107,"column":7}},"40":{"start":{"line":110,"column":2},"end":{"line":116,"column":5}},"41":{"start":{"line":124,"column":0},"end":{"line":176,"column":3}},"42":{"start":{"line":125,"column":85},"end":{"line":125,"column":93}},"43":{"start":{"line":127,"column":2},"end":{"line":129,"column":3}},"44":{"start":{"line":128,"column":4},"end":{"line":128,"column":70}},"45":{"start":{"line":131,"column":18},"end":{"line":131,"column":52}},"46":{"start":{"line":133,"column":2},"end":{"line":138,"column":3}},"47":{"start":{"line":134,"column":4},"end":{"line":137,"column":7}},"48":{"start":{"line":140,"column":2},"end":{"line":154,"column":3}},"49":{"start":{"line":141,"column":4},"end":{"line":148,"column":5}},"50":{"start":{"line":142,"column":6},"end":{"line":147,"column":9}},"51":{"start":{"line":149,"column":4},"end":{"line":149,"column":64}},"52":{"start":{"line":150,"column":9},"end":{"line":154,"column":3}},"53":{"start":{"line":151,"column":4},"end":{"line":151,"column":64}},"54":{"start":{"line":153,"column":4},"end":{"line":153,"column":82}},"55":{"start":{"line":156,"column":22},"end":{"line":156,"column":81}},"56":{"start":{"line":158,"column":2},"end":{"line":168,"column":5}},"57":{"start":{"line":170,"column":2},"end":{"line":175,"column":5}},"58":{"start":{"line":182,"column":0},"end":{"line":202,"column":3}},"59":{"start":{"line":183,"column":22},"end":{"line":183,"column":30}},"60":{"start":{"line":185,"column":2},"end":{"line":187,"column":3}},"61":{"start":{"line":186,"column":4},"end":{"line":186,"column":71}},"62":{"start":{"line":189,"column":18},"end":{"line":189,"column":19}},"63":{"start":{"line":190,"column":2},"end":{"line":195,"column":3}},"64":{"start":{"line":191,"column":4},"end":{"line":194,"column":5}},"65":{"start":{"line":192,"column":6},"end":{"line":192,"column":60}},"66":{"start":{"line":193,"column":6},"end":{"line":193,"column":18}},"67":{"start":{"line":197,"column":2},"end":{"line":201,"column":5}},"68":{"start":{"line":210,"column":0},"end":{"line":214,"column":3}},"69":{"start":{"line":211,"column":50},"end":{"line":211,"column":58}},"70":{"start":{"line":212,"column":2},"end":{"line":212,"column":50}},"71":{"start":{"line":213,"column":2},"end":{"line":213,"column":83}},"72":{"start":{"line":221,"column":0},"end":{"line":226,"column":3}},"73":{"start":{"line":222,"column":50},"end":{"line":222,"column":58}},"74":{"start":{"line":223,"column":2},"end":{"line":223,"column":51}},"75":{"start":{"line":224,"column":2},"end":{"line":224,"column":21}},"76":{"start":{"line":225,"column":2},"end":{"line":225,"column":86}},"77":{"start":{"line":233,"column":0},"end":{"line":244,"column":3}},"78":{"start":{"line":234,"column":48},"end":{"line":234,"column":56}},"79":{"start":{"line":235,"column":18},"end":{"line":235,"column":57}},"80":{"start":{"line":236,"column":2},"end":{"line":236,"column":58}},"81":{"start":{"line":237,"column":2},"end":{"line":243,"column":5}},"82":{"start":{"line":250,"column":0},"end":{"line":252,"column":3}},"83":{"start":{"line":251,"column":2},"end":{"line":251,"column":44}},"84":{"start":{"line":258,"column":0},"end":{"line":264,"column":3}},"85":{"start":{"line":259,"column":2},"end":{"line":259,"column":16}},"86":{"start":{"line":260,"column":2},"end":{"line":260,"column":18}},"87":{"start":{"line":261,"column":2},"end":{"line":261,"column":20}},"88":{"start":{"line":262,"column":2},"end":{"line":262,"column":21}},"89":{"start":{"line":263,"column":2},"end":{"line":263,"column":50}},"90":{"start":{"line":267,"column":0},"end":{"line":273,"column":1}},"91":{"start":{"line":268,"column":2},"end":{"line":272,"column":5}},"92":{"start":{"line":269,"column":4},"end":{"line":269,"column":71}},"93":{"start":{"line":270,"column":4},"end":{"line":270,"column":39}},"94":{"start":{"line":271,"column":4},"end":{"line":271,"column":53}},"95":{"start":{"line":275,"column":0},"end":{"line":275,"column":25}}},"fnMap":{"0":{"name":"authMiddleware","decl":{"start":{"line":35,"column":9},"end":{"line":35,"column":23}},"loc":{"start":{"line":35,"column":40},"end":{"line":41,"column":1}},"line":35},"1":{"name":"errorSimMiddleware","decl":{"start":{"line":44,"column":9},"end":{"line":44,"column":27}},"loc":{"start":{"line":44,"column":44},"end":{"line":72,"column":1}},"line":44},"2":{"name":"getBalance","decl":{"start":{"line":77,"column":9},"end":{"line":77,"column":19}},"loc":{"start":{"line":77,"column":44},"end":{"line":81,"column":1}},"line":77},"3":{"name":"setBalance","decl":{"start":{"line":83,"column":9},"end":{"line":83,"column":19}},"loc":{"start":{"line":83,"column":51},"end":{"line":86,"column":1}},"line":83},"4":{"name":"(anonymous_4)","decl":{"start":{"line":94,"column":41},"end":{"line":94,"column":42}},"loc":{"start":{"line":94,"column":55},"end":{"line":117,"column":1}},"line":94},"5":{"name":"(anonymous_5)","decl":{"start":{"line":124,"column":42},"end":{"line":124,"column":43}},"loc":{"start":{"line":124,"column":56},"end":{"line":176,"column":1}},"line":124},"6":{"name":"(anonymous_6)","decl":{"start":{"line":182,"column":48},"end":{"line":182,"column":49}},"loc":{"start":{"line":182,"column":62},"end":{"line":202,"column":1}},"line":182},"7":{"name":"(anonymous_7)","decl":{"start":{"line":210,"column":30},"end":{"line":210,"column":31}},"loc":{"start":{"line":210,"column":44},"end":{"line":214,"column":1}},"line":210},"8":{"name":"(anonymous_8)","decl":{"start":{"line":221,"column":33},"end":{"line":221,"column":34}},"loc":{"start":{"line":221,"column":47},"end":{"line":226,"column":1}},"line":221},"9":{"name":"(anonymous_9)","decl":{"start":{"line":233,"column":30},"end":{"line":233,"column":31}},"loc":{"start":{"line":233,"column":44},"end":{"line":244,"column":1}},"line":233},"10":{"name":"(anonymous_10)","decl":{"start":{"line":250,"column":23},"end":{"line":250,"column":24}},"loc":{"start":{"line":250,"column":37},"end":{"line":252,"column":1}},"line":250},"11":{"name":"(anonymous_11)","decl":{"start":{"line":258,"column":24},"end":{"line":258,"column":25}},"loc":{"start":{"line":258,"column":38},"end":{"line":264,"column":1}},"line":258},"12":{"name":"(anonymous_12)","decl":{"start":{"line":268,"column":19},"end":{"line":268,"column":20}},"loc":{"start":{"line":268,"column":25},"end":{"line":272,"column":3}},"line":268}},"branchMap":{"0":{"loc":{"start":{"line":20,"column":13},"end":{"line":20,"column":41}},"type":"binary-expr","locations":[{"start":{"line":20,"column":13},"end":{"line":20,"column":33}},{"start":{"line":20,"column":37},"end":{"line":20,"column":41}}],"line":20},"1":{"loc":{"start":{"line":21,"column":16},"end":{"line":21,"column":68}},"type":"binary-expr","locations":[{"start":{"line":21,"column":16},"end":{"line":21,"column":39}},{"start":{"line":21,"column":43},"end":{"line":21,"column":68}}],"line":21},"2":{"loc":{"start":{"line":37,"column":2},"end":{"line":39,"column":3}},"type":"if","locations":[{"start":{"line":37,"column":2},"end":{"line":39,"column":3}},{"start":{},"end":{}}],"line":37},"3":{"loc":{"start":{"line":45,"column":2},"end":{"line":70,"column":3}},"type":"if","locations":[{"start":{"line":45,"column":2},"end":{"line":70,"column":3}},{"start":{},"end":{}}],"line":45},"4":{"loc":{"start":{"line":45,"column":6},"end":{"line":45,"column":47}},"type":"binary-expr","locations":[{"start":{"line":45,"column":6},"end":{"line":45,"column":16}},{"start":{"line":45,"column":20},"end":{"line":45,"column":47}}],"line":45},"5":{"loc":{"start":{"line":46,"column":4},"end":{"line":69,"column":5}},"type":"if","locations":[{"start":{"line":46,"column":4},"end":{"line":69,"column":5}},{"start":{"line":66,"column":11},"end":{"line":69,"column":5}}],"line":46},"6":{"loc":{"start":{"line":48,"column":6},"end":{"line":52,"column":7}},"type":"if","locations":[{"start":{"line":48,"column":6},"end":{"line":52,"column":7}},{"start":{},"end":{}}],"line":48},"7":{"loc":{"start":{"line":53,"column":6},"end":{"line":58,"column":7}},"type":"if","locations":[{"start":{"line":53,"column":6},"end":{"line":58,"column":7}},{"start":{},"end":{}}],"line":53},"8":{"loc":{"start":{"line":55,"column":21},"end":{"line":55,"column":67}},"type":"binary-expr","locations":[{"start":{"line":55,"column":21},"end":{"line":55,"column":41}},{"start":{"line":55,"column":45},"end":{"line":55,"column":67}}],"line":55},"9":{"loc":{"start":{"line":56,"column":24},"end":{"line":56,"column":72}},"type":"binary-expr","locations":[{"start":{"line":56,"column":24},"end":{"line":56,"column":42}},{"start":{"line":56,"column":46},"end":{"line":56,"column":72}}],"line":56},"10":{"loc":{"start":{"line":59,"column":6},"end":{"line":62,"column":7}},"type":"if","locations":[{"start":{"line":59,"column":6},"end":{"line":62,"column":7}},{"start":{},"end":{}}],"line":59},"11":{"loc":{"start":{"line":63,"column":6},"end":{"line":65,"column":7}},"type":"if","locations":[{"start":{"line":63,"column":6},"end":{"line":65,"column":7}},{"start":{},"end":{}}],"line":63},"12":{"loc":{"start":{"line":78,"column":9},"end":{"line":80,"column":10}},"type":"cond-expr","locations":[{"start":{"line":79,"column":6},"end":{"line":79,"column":38}},{"start":{"line":80,"column":6},"end":{"line":80,"column":10}}],"line":78},"13":{"loc":{"start":{"line":78,"column":10},"end":{"line":78,"column":80}},"type":"binary-expr","locations":[{"start":{"line":78,"column":10},"end":{"line":78,"column":30}},{"start":{"line":78,"column":34},"end":{"line":78,"column":80}}],"line":78},"14":{"loc":{"start":{"line":84,"column":2},"end":{"line":84,"column":55}},"type":"if","locations":[{"start":{"line":84,"column":2},"end":{"line":84,"column":55}},{"start":{},"end":{}}],"line":84},"15":{"loc":{"start":{"line":97,"column":2},"end":{"line":99,"column":3}},"type":"if","locations":[{"start":{"line":97,"column":2},"end":{"line":99,"column":3}},{"start":{},"end":{}}],"line":97},"16":{"loc":{"start":{"line":97,"column":6},"end":{"line":97,"column":32}},"type":"binary-expr","locations":[{"start":{"line":97,"column":6},"end":{"line":97,"column":17}},{"start":{"line":97,"column":21},"end":{"line":97,"column":32}}],"line":97},"17":{"loc":{"start":{"line":103,"column":2},"end":{"line":108,"column":3}},"type":"if","locations":[{"start":{"line":103,"column":2},"end":{"line":108,"column":3}},{"start":{},"end":{}}],"line":103},"18":{"loc":{"start":{"line":127,"column":2},"end":{"line":129,"column":3}},"type":"if","locations":[{"start":{"line":127,"column":2},"end":{"line":129,"column":3}},{"start":{},"end":{}}],"line":127},"19":{"loc":{"start":{"line":127,"column":6},"end":{"line":127,"column":66}},"type":"binary-expr","locations":[{"start":{"line":127,"column":6},"end":{"line":127,"column":17}},{"start":{"line":127,"column":21},"end":{"line":127,"column":32}},{"start":{"line":127,"column":36},"end":{"line":127,"column":50}},{"start":{"line":127,"column":54},"end":{"line":127,"column":66}}],"line":127},"20":{"loc":{"start":{"line":133,"column":2},"end":{"line":138,"column":3}},"type":"if","locations":[{"start":{"line":133,"column":2},"end":{"line":138,"column":3}},{"start":{},"end":{}}],"line":133},"21":{"loc":{"start":{"line":140,"column":2},"end":{"line":154,"column":3}},"type":"if","locations":[{"start":{"line":140,"column":2},"end":{"line":154,"column":3}},{"start":{"line":150,"column":9},"end":{"line":154,"column":3}}],"line":140},"22":{"loc":{"start":{"line":141,"column":4},"end":{"line":148,"column":5}},"type":"if","locations":[{"start":{"line":141,"column":4},"end":{"line":148,"column":5}},{"start":{},"end":{}}],"line":141},"23":{"loc":{"start":{"line":150,"column":9},"end":{"line":154,"column":3}},"type":"if","locations":[{"start":{"line":150,"column":9},"end":{"line":154,"column":3}},{"start":{"line":152,"column":9},"end":{"line":154,"column":3}}],"line":150},"24":{"loc":{"start":{"line":185,"column":2},"end":{"line":187,"column":3}},"type":"if","locations":[{"start":{"line":185,"column":2},"end":{"line":187,"column":3}},{"start":{},"end":{}}],"line":185},"25":{"loc":{"start":{"line":191,"column":4},"end":{"line":194,"column":5}},"type":"if","locations":[{"start":{"line":191,"column":4},"end":{"line":194,"column":5}},{"start":{},"end":{}}],"line":191},"26":{"loc":{"start":{"line":191,"column":8},"end":{"line":191,"column":67}},"type":"binary-expr","locations":[{"start":{"line":191,"column":8},"end":{"line":191,"column":20}},{"start":{"line":191,"column":24},"end":{"line":191,"column":36}},{"start":{"line":191,"column":40},"end":{"line":191,"column":67}}],"line":191},"27":{"loc":{"start":{"line":222,"column":36},"end":{"line":222,"column":45}},"type":"default-arg","locations":[{"start":{"line":222,"column":44},"end":{"line":222,"column":45}}],"line":222},"28":{"loc":{"start":{"line":235,"column":18},"end":{"line":235,"column":57}},"type":"binary-expr","locations":[{"start":{"line":235,"column":18},"end":{"line":235,"column":52}},{"start":{"line":235,"column":56},"end":{"line":235,"column":57}}],"line":235},"29":{"loc":{"start":{"line":267,"column":0},"end":{"line":273,"column":1}},"type":"if","locations":[{"start":{"line":267,"column":0},"end":{"line":273,"column":1}},{"start":{},"end":{}}],"line":267}},"s":{"0":1,"1":1,"2":1,"3":1,"4":1,"5":1,"6":1,"7":1,"8":1,"9":25,"10":25,"11":0,"12":25,"13":79,"14":3,"15":3,"16":3,"17":0,"18":0,"19":3,"20":1,"21":2,"22":0,"23":2,"24":2,"25":0,"26":0,"27":76,"28":1,"29":51,"30":33,"31":20,"32":33,"33":1,"34":13,"35":13,"36":0,"37":13,"38":13,"39":1,"40":12,"41":1,"42":12,"43":12,"44":0,"45":12,"46":12,"47":0,"48":12,"49":10,"50":1,"51":9,"52":2,"53":2,"54":0,"55":11,"56":11,"57":11,"58":1,"59":0,"60":0,"61":0,"62":0,"63":0,"64":0,"65":0,"66":0,"67":0,"68":1,"69":20,"70":20,"71":20,"72":1,"73":3,"74":3,"75":3,"76":3,"77":1,"78":2,"79":2,"80":2,"81":2,"82":1,"83":2,"84":1,"85":24,"86":24,"87":24,"88":24,"89":24,"90":1,"91":0,"92":0,"93":0,"94":0,"95":1},"f":{"0":25,"1":79,"2":51,"3":33,"4":13,"5":12,"6":0,"7":20,"8":3,"9":2,"10":2,"11":24,"12":0},"b":{"0":[1,1],"1":[1,0],"2":[0,25],"3":[3,76],"4":[79,6],"5":[3,0],"6":[0,3],"7":[1,2],"8":[1,0],"9":[1,0],"10":[0,2],"11":[2,0],"12":[50,1],"13":[51,50],"14":[20,13],"15":[0,13],"16":[13,13],"17":[1,12],"18":[0,12],"19":[12,12,12,12],"20":[0,12],"21":[10,2],"22":[1,9],"23":[2,0],"24":[0,0],"25":[0,0],"26":[0,0,0],"27":[0],"28":[2,0],"29":[0,1]},"_coverageSchema":"1a1c01bbd47fc00a2c39e90264f33305004495a9","hash":"9e155b472821d4ef8366f138d92dce46e6d9e0d5"}
,"C:\\Users\\muneeb\\Downloads\\timeoff-service\\timeoff-service\\src\\app.module.ts": {"path":"C:\\Users\\muneeb\\Downloads\\timeoff-service\\timeoff-service\\src\\app.module.ts","statementMap":{"0":{"start":{"line":1,"column":0},"end":{"line":1,"column":40}},"1":{"start":{"line":2,"column":0},"end":{"line":2,"column":61}},"2":{"start":{"line":3,"column":0},"end":{"line":3,"column":48}},"3":{"start":{"line":4,"column":0},"end":{"line":4,"column":68}},"4":{"start":{"line":5,"column":0},"end":{"line":5,"column":68}},"5":{"start":{"line":6,"column":0},"end":{"line":6,"column":56}},"6":{"start":{"line":7,"column":0},"end":{"line":7,"column":68}},"7":{"start":{"line":8,"column":0},"end":{"line":8,"column":53}},"8":{"start":{"line":9,"column":0},"end":{"line":9,"column":56}},"9":{"start":{"line":10,"column":0},"end":{"line":10,"column":80}},"10":{"start":{"line":11,"column":0},"end":{"line":11,"column":85}},"11":{"start":{"line":12,"column":0},"end":{"line":12,"column":66}},"12":{"start":{"line":40,"column":7},"end":{"line":40,"column":null}},"13":{"start":{"line":40,"column":13},"end":{"line":40,"column":22}},"14":{"start":{"line":40,"column":13},"end":{"line":40,"column":null}},"15":{"start":{"line":23,"column":46},"end":{"line":29,"column":8}}},"fnMap":{"0":{"name":"(anonymous_1)","decl":{"start":{"line":23,"column":18},"end":{"line":23,"column":19}},"loc":{"start":{"line":23,"column":46},"end":{"line":29,"column":8}}}},"branchMap":{},"s":{"0":1,"1":1,"2":1,"3":1,"4":1,"5":1,"6":1,"7":1,"8":1,"9":1,"10":1,"11":1,"12":1,"13":1,"14":1,"15":1},"f":{"0":1},"b":{}}
,"C:\\Users\\muneeb\\Downloads\\timeoff-service\\timeoff-service\\src\\common\\filters\\http-exception.filter.ts": {"path":"C:\\Users\\muneeb\\Downloads\\timeoff-service\\timeoff-service\\src\\common\\filters\\http-exception.filter.ts","statementMap":{"0":{"start":{"line":1,"column":0},"end":{"line":1,"column":null}},"1":{"start":{"line":12,"column":32},"end":{"line":46,"column":null}},"2":{"start":{"line":13,"column":19},"end":{"line":13,"column":65}},"3":{"start":{"line":16,"column":16},"end":{"line":16,"column":35}},"4":{"start":{"line":17,"column":21},"end":{"line":17,"column":48}},"5":{"start":{"line":18,"column":20},"end":{"line":18,"column":45}},"6":{"start":{"line":20,"column":17},"end":{"line":20,"column":49}},"7":{"start":{"line":21,"column":35},"end":{"line":21,"column":58}},"8":{"start":{"line":22,"column":16},"end":{"line":22,"column":39}},"9":{"start":{"line":24,"column":4},"end":{"line":36,"column":5}},"10":{"start":{"line":25,"column":6},"end":{"line":25,"column":37}},"11":{"start":{"line":26,"column":32},"end":{"line":26,"column":55}},"12":{"start":{"line":27,"column":6},"end":{"line":32,"column":7}},"13":{"start":{"line":28,"column":8},"end":{"line":28,"column":36}},"14":{"start":{"line":29,"column":13},"end":{"line":32,"column":7}},"15":{"start":{"line":30,"column":8},"end":{"line":30,"column":74}},"16":{"start":{"line":31,"column":8},"end":{"line":31,"column":58}},"17":{"start":{"line":33,"column":11},"end":{"line":36,"column":5}},"18":{"start":{"line":34,"column":6},"end":{"line":34,"column":34}},"19":{"start":{"line":35,"column":6},"end":{"line":35,"column":82}},"20":{"start":{"line":38,"column":4},"end":{"line":44,"column":7}},"21":{"start":{"line":12,"column":13},"end":{"line":12,"column":32}},"22":{"start":{"line":12,"column":13},"end":{"line":46,"column":null}}},"fnMap":{"0":{"name":"(anonymous_1)","decl":{"start":{"line":12,"column":7},"end":{"line":12,"column":13}},"loc":{"start":{"line":12,"column":7},"end":{"line":46,"column":1}}},"1":{"name":"(anonymous_2)","decl":{"start":{"line":15,"column":2},"end":{"line":15,"column":7}},"loc":{"start":{"line":15,"column":47},"end":{"line":45,"column":3}}}},"branchMap":{"0":{"loc":{"start":{"line":24,"column":4},"end":{"line":36,"column":5}},"type":"if","locations":[{"start":{"line":24,"column":4},"end":{"line":36,"column":5}},{"start":{"line":33,"column":11},"end":{"line":36,"column":5}}]},"1":{"loc":{"start":{"line":27,"column":6},"end":{"line":32,"column":7}},"type":"if","locations":[{"start":{"line":27,"column":6},"end":{"line":32,"column":7}},{"start":{"line":29,"column":13},"end":{"line":32,"column":7}}]},"2":{"loc":{"start":{"line":29,"column":13},"end":{"line":32,"column":7}},"type":"if","locations":[{"start":{"line":29,"column":13},"end":{"line":32,"column":7}}]},"3":{"loc":{"start":{"line":30,"column":19},"end":{"line":30,"column":73}},"type":"binary-expr","locations":[{"start":{"line":30,"column":19},"end":{"line":30,"column":52}},{"start":{"line":30,"column":56},"end":{"line":30,"column":73}}]},"4":{"loc":{"start":{"line":31,"column":17},"end":{"line":31,"column":57}},"type":"binary-expr","locations":[{"start":{"line":31,"column":17},"end":{"line":31,"column":48}},{"start":{"line":31,"column":52},"end":{"line":31,"column":57}}]},"5":{"loc":{"start":{"line":33,"column":11},"end":{"line":36,"column":5}},"type":"if","locations":[{"start":{"line":33,"column":11},"end":{"line":36,"column":5}}]}},"s":{"0":1,"1":1,"2":1,"3":9,"4":9,"5":9,"6":9,"7":9,"8":9,"9":9,"10":9,"11":9,"12":9,"13":0,"14":9,"15":9,"16":9,"17":0,"18":0,"19":0,"20":9,"21":1,"22":1},"f":{"0":1,"1":9},"b":{"0":[9,0],"1":[0,9],"2":[9],"3":[9,0],"4":[9,0],"5":[0]}}
,"C:\\Users\\muneeb\\Downloads\\timeoff-service\\timeoff-service\\src\\modules\\balances\\balances.controller.ts": {"path":"C:\\Users\\muneeb\\Downloads\\timeoff-service\\timeoff-service\\src\\modules\\balances\\balances.controller.ts","statementMap":{"0":{"start":{"line":1,"column":0},"end":{"line":1,"column":null}},"1":{"start":{"line":5,"column":0},"end":{"line":5,"column":53}},"2":{"start":{"line":6,"column":0},"end":{"line":6,"column":69}},"3":{"start":{"line":9,"column":7},"end":{"line":70,"column":null}},"4":{"start":{"line":10,"column":31},"end":{"line":10,"column":48}},"5":{"start":{"line":23,"column":19},"end":{"line":23,"column":80}},"6":{"start":{"line":25,"column":4},"end":{"line":28,"column":5}},"7":{"start":{"line":26,"column":6},"end":{"line":26,"column":47}},"8":{"start":{"line":27,"column":6},"end":{"line":27,"column":82}},"9":{"start":{"line":29,"column":4},"end":{"line":31,"column":5}},"10":{"start":{"line":30,"column":6},"end":{"line":30,"column":51}},"11":{"start":{"line":33,"column":4},"end":{"line":38,"column":7}},"12":{"start":{"line":48,"column":20},"end":{"line":48,"column":91}},"13":{"start":{"line":49,"column":4},"end":{"line":53,"column":6}},"14":{"start":{"line":63,"column":24},"end":{"line":63,"column":28}},"15":{"start":{"line":64,"column":4},"end":{"line":66,"column":5}},"16":{"start":{"line":65,"column":6},"end":{"line":65,"column":73}},"17":{"start":{"line":67,"column":19},"end":{"line":67,"column":71}},"18":{"start":{"line":68,"column":4},"end":{"line":68,"column":58}},"19":{"start":{"line":9,"column":13},"end":{"line":9,"column":31}},"20":{"start":{"line":18,"column":8},"end":{"line":39,"column":null}},"21":{"start":{"line":47,"column":8},"end":{"line":54,"column":null}},"22":{"start":{"line":62,"column":8},"end":{"line":69,"column":null}},"23":{"start":{"line":9,"column":13},"end":{"line":70,"column":null}}},"fnMap":{"0":{"name":"(anonymous_4)","decl":{"start":{"line":10,"column":2},"end":{"line":10,"column":31}},"loc":{"start":{"line":10,"column":63},"end":{"line":10,"column":67}}},"1":{"name":"(anonymous_5)","decl":{"start":{"line":18,"column":2},"end":{"line":18,"column":7}},"loc":{"start":{"line":21,"column":24},"end":{"line":39,"column":3}}},"2":{"name":"(anonymous_6)","decl":{"start":{"line":47,"column":2},"end":{"line":47,"column":7}},"loc":{"start":{"line":47,"column":48},"end":{"line":54,"column":3}}},"3":{"name":"(anonymous_7)","decl":{"start":{"line":62,"column":2},"end":{"line":62,"column":7}},"loc":{"start":{"line":62,"column":63},"end":{"line":69,"column":3}}}},"branchMap":{"0":{"loc":{"start":{"line":25,"column":4},"end":{"line":28,"column":5}},"type":"if","locations":[{"start":{"line":25,"column":4},"end":{"line":28,"column":5}}]},"1":{"loc":{"start":{"line":29,"column":4},"end":{"line":31,"column":5}},"type":"if","locations":[{"start":{"line":29,"column":4},"end":{"line":31,"column":5}}]},"2":{"loc":{"start":{"line":64,"column":4},"end":{"line":66,"column":5}},"type":"if","locations":[{"start":{"line":64,"column":4},"end":{"line":66,"column":5}}]},"3":{"loc":{"start":{"line":64,"column":8},"end":{"line":64,"column":43}},"type":"binary-expr","locations":[{"start":{"line":64,"column":8},"end":{"line":64,"column":16}},{"start":{"line":64,"column":20},"end":{"line":64,"column":43}}]}},"s":{"0":1,"1":1,"2":1,"3":1,"4":1,"5":7,"6":6,"7":1,"8":1,"9":6,"10":0,"11":6,"12":1,"13":1,"14":24,"15":24,"16":0,"17":24,"18":24,"19":1,"20":1,"21":1,"22":1,"23":1},"f":{"0":1,"1":7,"2":1,"3":24},"b":{"0":[1],"1":[0],"2":[0],"3":[24,24]}}
,"C:\\Users\\muneeb\\Downloads\\timeoff-service\\timeoff-service\\src\\modules\\balances\\balances.module.ts": {"path":"C:\\Users\\muneeb\\Downloads\\timeoff-service\\timeoff-service\\src\\modules\\balances\\balances.module.ts","statementMap":{"0":{"start":{"line":1,"column":0},"end":{"line":1,"column":40}},"1":{"start":{"line":2,"column":0},"end":{"line":2,"column":48}},"2":{"start":{"line":3,"column":0},"end":{"line":3,"column":59}},"3":{"start":{"line":4,"column":0},"end":{"line":4,"column":53}},"4":{"start":{"line":5,"column":0},"end":{"line":5,"column":63}},"5":{"start":{"line":6,"column":0},"end":{"line":6,"column":59}},"6":{"start":{"line":7,"column":0},"end":{"line":7,"column":46}},"7":{"start":{"line":15,"column":7},"end":{"line":15,"column":null}},"8":{"start":{"line":15,"column":13},"end":{"line":15,"column":27}},"9":{"start":{"line":15,"column":13},"end":{"line":15,"column":null}}},"fnMap":{},"branchMap":{},"s":{"0":1,"1":1,"2":1,"3":1,"4":1,"5":1,"6":1,"7":1,"8":1,"9":1},"f":{},"b":{}}
,"C:\\Users\\muneeb\\Downloads\\timeoff-service\\timeoff-service\\src\\modules\\balances\\balances.service.ts": {"path":"C:\\Users\\muneeb\\Downloads\\timeoff-service\\timeoff-service\\src\\modules\\balances\\balances.service.ts","statementMap":{"0":{"start":{"line":1,"column":0},"end":{"line":1,"column":null}},"1":{"start":{"line":7,"column":0},"end":{"line":7,"column":51}},"2":{"start":{"line":8,"column":0},"end":{"line":8,"column":49}},"3":{"start":{"line":9,"column":0},"end":{"line":9,"column":47}},"4":{"start":{"line":10,"column":0},"end":{"line":10,"column":63}},"5":{"start":{"line":11,"column":0},"end":{"line":11,"column":81}},"6":{"start":{"line":12,"column":0},"end":{"line":12,"column":66}},"7":{"start":{"line":15,"column":28},"end":{"line":204,"column":null}},"8":{"start":{"line":20,"column":21},"end":{"line":20,"column":34}},"9":{"start":{"line":22,"column":21},"end":{"line":22,"column":34}},"10":{"start":{"line":23,"column":21},"end":{"line":23,"column":33}},"11":{"start":{"line":24,"column":21},"end":{"line":24,"column":29}},"12":{"start":{"line":25,"column":21},"end":{"line":25,"column":33}},"13":{"start":{"line":16,"column":19},"end":{"line":16,"column":61}},"14":{"start":{"line":34,"column":18},"end":{"line":36,"column":6}},"15":{"start":{"line":38,"column":4},"end":{"line":49,"column":5}},"16":{"start":{"line":40,"column":6},"end":{"line":48,"column":7}},"17":{"start":{"line":41,"column":24},"end":{"line":41,"column":82}},"18":{"start":{"line":42,"column":8},"end":{"line":42,"column":71}},"19":{"start":{"line":43,"column":8},"end":{"line":43,"column":58}},"20":{"start":{"line":45,"column":8},"end":{"line":47,"column":10}},"21":{"start":{"line":52,"column":20},"end":{"line":52,"column":54}},"22":{"start":{"line":53,"column":4},"end":{"line":65,"column":5}},"23":{"start":{"line":54,"column":6},"end":{"line":64,"column":7}},"24":{"start":{"line":55,"column":24},"end":{"line":55,"column":82}},"25":{"start":{"line":56,"column":8},"end":{"line":56,"column":71}},"26":{"start":{"line":57,"column":8},"end":{"line":57,"column":58}},"27":{"start":{"line":60,"column":8},"end":{"line":62,"column":10}},"28":{"start":{"line":63,"column":8},"end":{"line":63,"column":58}},"29":{"start":{"line":67,"column":4},"end":{"line":67,"column":55}},"30":{"start":{"line":72,"column":20},"end":{"line":72,"column":78}},"31":{"start":{"line":73,"column":4},"end":{"line":73,"column":56}},"32":{"start":{"line":81,"column":20},"end":{"line":81,"column":21}},"33":{"start":{"line":82,"column":17},"end":{"line":82,"column":18}},"34":{"start":{"line":83,"column":35},"end":{"line":83,"column":37}},"35":{"start":{"line":86,"column":4},"end":{"line":95,"column":5}},"36":{"start":{"line":87,"column":6},"end":{"line":94,"column":7}},"37":{"start":{"line":88,"column":8},"end":{"line":88,"column":57}},"38":{"start":{"line":89,"column":8},"end":{"line":89,"column":20}},"39":{"start":{"line":91,"column":8},"end":{"line":91,"column":17}},"40":{"start":{"line":92,"column":8},"end":{"line":92,"column":87}},"41":{"start":{"line":93,"column":8},"end":{"line":93,"column":109}},"42":{"start":{"line":98,"column":16},"end":{"line":103,"column":6}},"43":{"start":{"line":104,"column":4},"end":{"line":104,"column":37}},"44":{"start":{"line":106,"column":4},"end":{"line":106,"column":85}},"45":{"start":{"line":107,"column":4},"end":{"line":107,"column":33}},"46":{"start":{"line":112,"column":4},"end":{"line":147,"column":7}},"47":{"start":{"line":113,"column":19},"end":{"line":113,"column":54}},"48":{"start":{"line":115,"column":20},"end":{"line":117,"column":8}},"49":{"start":{"line":119,"column":6},"end":{"line":130,"column":7}},"50":{"start":{"line":121,"column":8},"end":{"line":121,"column":48}},"51":{"start":{"line":122,"column":8},"end":{"line":122,"column":42}},"52":{"start":{"line":124,"column":8},"end":{"line":129,"column":11}},"53":{"start":{"line":132,"column":20},"end":{"line":132,"column":44}},"54":{"start":{"line":135,"column":6},"end":{"line":144,"column":7}},"55":{"start":{"line":136,"column":24},"end":{"line":136,"column":54}},"56":{"start":{"line":137,"column":8},"end":{"line":143,"column":12}},"57":{"start":{"line":146,"column":6},"end":{"line":146,"column":19}},"58":{"start":{"line":156,"column":4},"end":{"line":176,"column":7}},"59":{"start":{"line":157,"column":19},"end":{"line":157,"column":54}},"60":{"start":{"line":159,"column":22},"end":{"line":162,"column":8}},"61":{"start":{"line":164,"column":6},"end":{"line":166,"column":7}},"62":{"start":{"line":165,"column":8},"end":{"line":165,"column":89}},"63":{"start":{"line":168,"column":6},"end":{"line":172,"column":7}},"64":{"start":{"line":169,"column":8},"end":{"line":171,"column":10}},"65":{"start":{"line":174,"column":6},"end":{"line":174,"column":80}},"66":{"start":{"line":175,"column":6},"end":{"line":175,"column":32}},"67":{"start":{"line":185,"column":4},"end":{"line":193,"column":7}},"68":{"start":{"line":186,"column":19},"end":{"line":186,"column":54}},"69":{"start":{"line":187,"column":22},"end":{"line":187,"column":79}},"70":{"start":{"line":188,"column":6},"end":{"line":190,"column":7}},"71":{"start":{"line":189,"column":8},"end":{"line":189,"column":89}},"72":{"start":{"line":191,"column":6},"end":{"line":191,"column":80}},"73":{"start":{"line":192,"column":6},"end":{"line":192,"column":32}},"74":{"start":{"line":198,"column":4},"end":{"line":198,"column":35}},"75":{"start":{"line":198,"column":23},"end":{"line":198,"column":35}},"76":{"start":{"line":200,"column":20},"end":{"line":200,"column":81}},"77":{"start":{"line":201,"column":29},"end":{"line":201,"column":48}},"78":{"start":{"line":202,"column":4},"end":{"line":202,"column":76}},"79":{"start":{"line":15,"column":13},"end":{"line":15,"column":28}},"80":{"start":{"line":15,"column":13},"end":{"line":204,"column":null}}},"fnMap":{"0":{"name":"(anonymous_4)","decl":{"start":{"line":18,"column":2},"end":{"line":18,"column":null}},"loc":{"start":{"line":25,"column":43},"end":{"line":26,"column":6}}},"1":{"name":"(anonymous_5)","decl":{"start":{"line":29,"column":2},"end":{"line":29,"column":7}},"loc":{"start":{"line":29,"column":57},"end":{"line":68,"column":3}}},"2":{"name":"(anonymous_6)","decl":{"start":{"line":71,"column":2},"end":{"line":71,"column":7}},"loc":{"start":{"line":71,"column":59},"end":{"line":74,"column":3}}},"3":{"name":"(anonymous_7)","decl":{"start":{"line":77,"column":2},"end":{"line":77,"column":7}},"loc":{"start":{"line":77,"column":52},"end":{"line":108,"column":3}}},"4":{"name":"(anonymous_8)","decl":{"start":{"line":111,"column":2},"end":{"line":111,"column":7}},"loc":{"start":{"line":111,"column":64},"end":{"line":148,"column":3}}},"5":{"name":"(anonymous_9)","decl":{"start":{"line":112,"column":39},"end":{"line":112,"column":44}},"loc":{"start":{"line":112,"column":57},"end":{"line":147,"column":5}}},"6":{"name":"(anonymous_10)","decl":{"start":{"line":151,"column":2},"end":{"line":151,"column":7}},"loc":{"start":{"line":154,"column":16},"end":{"line":177,"column":3}}},"7":{"name":"(anonymous_11)","decl":{"start":{"line":156,"column":39},"end":{"line":156,"column":44}},"loc":{"start":{"line":156,"column":57},"end":{"line":176,"column":5}}},"8":{"name":"(anonymous_12)","decl":{"start":{"line":180,"column":2},"end":{"line":180,"column":7}},"loc":{"start":{"line":183,"column":16},"end":{"line":194,"column":3}}},"9":{"name":"(anonymous_13)","decl":{"start":{"line":185,"column":39},"end":{"line":185,"column":44}},"loc":{"start":{"line":185,"column":57},"end":{"line":193,"column":5}}},"10":{"name":"(anonymous_14)","decl":{"start":{"line":197,"column":10},"end":{"line":197,"column":17}},"loc":{"start":{"line":197,"column":43},"end":{"line":203,"column":3}}}},"branchMap":{"0":{"loc":{"start":{"line":38,"column":4},"end":{"line":49,"column":5}},"type":"if","locations":[{"start":{"line":38,"column":4},"end":{"line":49,"column":5}}]},"1":{"loc":{"start":{"line":53,"column":4},"end":{"line":65,"column":5}},"type":"if","locations":[{"start":{"line":53,"column":4},"end":{"line":65,"column":5}}]},"2":{"loc":{"start":{"line":100,"column":14},"end":{"line":100,"column":105}},"type":"cond-expr","locations":[{"start":{"line":100,"column":29},"end":{"line":100,"column":47}},{"start":{"line":100,"column":50},"end":{"line":100,"column":105}}]},"3":{"loc":{"start":{"line":100,"column":50},"end":{"line":100,"column":105}},"type":"cond-expr","locations":[{"start":{"line":100,"column":66},"end":{"line":100,"column":84}},{"start":{"line":100,"column":87},"end":{"line":100,"column":105}}]},"4":{"loc":{"start":{"line":102,"column":20},"end":{"line":102,"column":81}},"type":"cond-expr","locations":[{"start":{"line":102,"column":46},"end":{"line":102,"column":74}},{"start":{"line":102,"column":77},"end":{"line":102,"column":81}}]},"5":{"loc":{"start":{"line":119,"column":6},"end":{"line":130,"column":7}},"type":"if","locations":[{"start":{"line":119,"column":6},"end":{"line":130,"column":7}},{"start":{"line":123,"column":13},"end":{"line":130,"column":7}}]},"6":{"loc":{"start":{"line":135,"column":6},"end":{"line":144,"column":7}},"type":"if","locations":[{"start":{"line":135,"column":6},"end":{"line":144,"column":7}}]},"7":{"loc":{"start":{"line":164,"column":6},"end":{"line":166,"column":7}},"type":"if","locations":[{"start":{"line":164,"column":6},"end":{"line":166,"column":7}}]},"8":{"loc":{"start":{"line":168,"column":6},"end":{"line":172,"column":7}},"type":"if","locations":[{"start":{"line":168,"column":6},"end":{"line":172,"column":7}}]},"9":{"loc":{"start":{"line":188,"column":6},"end":{"line":190,"column":7}},"type":"if","locations":[{"start":{"line":188,"column":6},"end":{"line":190,"column":7}}]},"10":{"loc":{"start":{"line":198,"column":4},"end":{"line":198,"column":35}},"type":"if","locations":[{"start":{"line":198,"column":4},"end":{"line":198,"column":35}}]}},"s":{"0":1,"1":1,"2":1,"3":1,"4":1,"5":1,"6":1,"7":1,"8":1,"9":1,"10":1,"11":1,"12":1,"13":1,"14":20,"15":20,"16":1,"17":1,"18":0,"19":0,"20":1,"21":19,"22":19,"23":1,"24":1,"25":0,"26":0,"27":1,"28":1,"29":18,"30":12,"31":12,"32":24,"33":24,"34":24,"35":24,"36":25,"37":25,"38":25,"39":0,"40":0,"41":0,"42":24,"43":24,"44":24,"45":24,"46":39,"47":39,"48":39,"49":39,"50":16,"51":16,"52":23,"53":39,"54":39,"55":14,"56":14,"57":39,"58":0,"59":0,"60":0,"61":0,"62":0,"63":0,"64":0,"65":0,"66":0,"67":0,"68":0,"69":0,"70":0,"71":0,"72":0,"73":0,"74":19,"75":0,"76":19,"77":19,"78":19,"79":1,"80":1},"f":{"0":1,"1":20,"2":12,"3":24,"4":39,"5":39,"6":0,"7":0,"8":0,"9":0,"10":19},"b":{"0":[1],"1":[1],"2":[24,0],"3":[0,0],"4":[0,24],"5":[16,23],"6":[14],"7":[0],"8":[0],"9":[0],"10":[0]}}
,"C:\\Users\\muneeb\\Downloads\\timeoff-service\\timeoff-service\\src\\modules\\balances\\dto\\balance.dto.ts": {"path":"C:\\Users\\muneeb\\Downloads\\timeoff-service\\timeoff-service\\src\\modules\\balances\\dto\\balance.dto.ts","statementMap":{"0":{"start":{"line":1,"column":0},"end":{"line":1,"column":55}},"1":{"start":{"line":3,"column":0},"end":{"line":3,"column":13}},"2":{"start":{"line":6,"column":2},"end":{"line":6,"column":null}},"3":{"start":{"line":10,"column":2},"end":{"line":10,"column":null}},"4":{"start":{"line":13,"column":0},"end":{"line":13,"column":13}},"5":{"start":{"line":16,"column":2},"end":{"line":16,"column":null}},"6":{"start":{"line":20,"column":2},"end":{"line":20,"column":null}},"7":{"start":{"line":23,"column":0},"end":{"line":23,"column":13}},"8":{"start":{"line":26,"column":2},"end":{"line":26,"column":null}},"9":{"start":{"line":30,"column":2},"end":{"line":30,"column":null}}},"fnMap":{},"branchMap":{},"s":{"0":1,"1":1,"2":1,"3":1,"4":1,"5":1,"6":1,"7":1,"8":1,"9":1},"f":{},"b":{}}
,"C:\\Users\\muneeb\\Downloads\\timeoff-service\\timeoff-service\\src\\modules\\balances\\entities\\leave-balance.entity.ts": {"path":"C:\\Users\\muneeb\\Downloads\\timeoff-service\\timeoff-service\\src\\modules\\balances\\entities\\leave-balance.entity.ts","statementMap":{"0":{"start":{"line":1,"column":0},"end":{"line":1,"column":null}},"1":{"start":{"line":13,"column":7},"end":{"line":38,"column":null}},"2":{"start":{"line":13,"column":13},"end":{"line":13,"column":25}},"3":{"start":{"line":15,"column":2},"end":{"line":15,"column":null}},"4":{"start":{"line":18,"column":2},"end":{"line":18,"column":null}},"5":{"start":{"line":21,"column":2},"end":{"line":21,"column":null}},"6":{"start":{"line":24,"column":2},"end":{"line":24,"column":null}},"7":{"start":{"line":27,"column":2},"end":{"line":27,"column":null}},"8":{"start":{"line":31,"column":2},"end":{"line":31,"column":null}},"9":{"start":{"line":34,"column":2},"end":{"line":34,"column":null}},"10":{"start":{"line":37,"column":2},"end":{"line":37,"column":null}},"11":{"start":{"line":13,"column":13},"end":{"line":38,"column":null}}},"fnMap":{},"branchMap":{},"s":{"0":1,"1":1,"2":1,"3":1,"4":1,"5":1,"6":1,"7":1,"8":1,"9":1,"10":1,"11":1},"f":{},"b":{}}
,"C:\\Users\\muneeb\\Downloads\\timeoff-service\\timeoff-service\\src\\modules\\hcm\\hcm.module.ts": {"path":"C:\\Users\\muneeb\\Downloads\\timeoff-service\\timeoff-service\\src\\modules\\hcm\\hcm.module.ts","statementMap":{"0":{"start":{"line":1,"column":0},"end":{"line":1,"column":40}},"1":{"start":{"line":2,"column":0},"end":{"line":2,"column":43}},"2":{"start":{"line":8,"column":7},"end":{"line":8,"column":null}},"3":{"start":{"line":8,"column":13},"end":{"line":8,"column":22}},"4":{"start":{"line":8,"column":13},"end":{"line":8,"column":null}}},"fnMap":{},"branchMap":{},"s":{"0":1,"1":1,"2":1,"3":1,"4":1},"f":{},"b":{}}
,"C:\\Users\\muneeb\\Downloads\\timeoff-service\\timeoff-service\\src\\modules\\hcm\\hcm.service.ts": {"path":"C:\\Users\\muneeb\\Downloads\\timeoff-service\\timeoff-service\\src\\modules\\hcm\\hcm.service.ts","statementMap":{"0":{"start":{"line":1,"column":0},"end":{"line":1,"column":81}},"1":{"start":{"line":2,"column":0},"end":{"line":2,"column":47}},"2":{"start":{"line":3,"column":0},"end":{"line":3,"column":57}},"3":{"start":{"line":29,"column":23},"end":{"line":132,"column":null}},"4":{"start":{"line":35,"column":31},"end":{"line":35,"column":39}},"5":{"start":{"line":30,"column":19},"end":{"line":30,"column":57}},"6":{"start":{"line":36,"column":4},"end":{"line":36,"column":69}},"7":{"start":{"line":37,"column":4},"end":{"line":37,"column":72}},"8":{"start":{"line":39,"column":4},"end":{"line":46,"column":7}},"9":{"start":{"line":51,"column":4},"end":{"line":67,"column":53}},"10":{"start":{"line":52,"column":23},"end":{"line":54,"column":8}},"11":{"start":{"line":55,"column":19},"end":{"line":55,"column":32}},"12":{"start":{"line":58,"column":6},"end":{"line":60,"column":7}},"13":{"start":{"line":59,"column":8},"end":{"line":59,"column":93}},"14":{"start":{"line":62,"column":6},"end":{"line":66,"column":8}},"15":{"start":{"line":72,"column":4},"end":{"line":99,"column":47}},"16":{"start":{"line":73,"column":6},"end":{"line":98,"column":7}},"17":{"start":{"line":74,"column":25},"end":{"line":74,"column":73}},"18":{"start":{"line":75,"column":21},"end":{"line":75,"column":34}},"19":{"start":{"line":78,"column":8},"end":{"line":80,"column":9}},"20":{"start":{"line":79,"column":10},"end":{"line":79,"column":96}},"21":{"start":{"line":82,"column":8},"end":{"line":82,"column":65}},"22":{"start":{"line":85,"column":23},"end":{"line":85,"column":44}},"23":{"start":{"line":86,"column":23},"end":{"line":86,"column":48}},"24":{"start":{"line":88,"column":8},"end":{"line":90,"column":10}},"25":{"start":{"line":92,"column":8},"end":{"line":97,"column":10}},"26":{"start":{"line":107,"column":4},"end":{"line":123,"column":5}},"27":{"start":{"line":107,"column":23},"end":{"line":107,"column":24}},"28":{"start":{"line":108,"column":6},"end":{"line":122,"column":7}},"29":{"start":{"line":109,"column":8},"end":{"line":109,"column":26}},"30":{"start":{"line":111,"column":8},"end":{"line":111,"column":24}},"31":{"start":{"line":112,"column":29},"end":{"line":112,"column":43}},"32":{"start":{"line":114,"column":8},"end":{"line":117,"column":9}},"33":{"start":{"line":116,"column":10},"end":{"line":116,"column":16}},"34":{"start":{"line":119,"column":22},"end":{"line":119,"column":66}},"35":{"start":{"line":120,"column":8},"end":{"line":120,"column":103}},"36":{"start":{"line":121,"column":8},"end":{"line":121,"column":32}},"37":{"start":{"line":125,"column":4},"end":{"line":125,"column":113}},"38":{"start":{"line":126,"column":4},"end":{"line":126,"column":86}},"39":{"start":{"line":130,"column":4},"end":{"line":130,"column":59}},"40":{"start":{"line":130,"column":34},"end":{"line":130,"column":57}},"41":{"start":{"line":29,"column":13},"end":{"line":29,"column":23}},"42":{"start":{"line":29,"column":13},"end":{"line":132,"column":null}}},"fnMap":{"0":{"name":"(anonymous_2)","decl":{"start":{"line":35,"column":2},"end":{"line":35,"column":31}},"loc":{"start":{"line":35,"column":52},"end":{"line":47,"column":3}}},"1":{"name":"(anonymous_3)","decl":{"start":{"line":50,"column":2},"end":{"line":50,"column":7}},"loc":{"start":{"line":50,"column":59},"end":{"line":68,"column":3}}},"2":{"name":"(anonymous_4)","decl":{"start":{"line":51,"column":26},"end":{"line":51,"column":31}},"loc":{"start":{"line":51,"column":37},"end":{"line":67,"column":5}}},"3":{"name":"(anonymous_5)","decl":{"start":{"line":71,"column":2},"end":{"line":71,"column":7}},"loc":{"start":{"line":71,"column":48},"end":{"line":100,"column":3}}},"4":{"name":"(anonymous_6)","decl":{"start":{"line":72,"column":26},"end":{"line":72,"column":31}},"loc":{"start":{"line":72,"column":37},"end":{"line":99,"column":5}}},"5":{"name":"(anonymous_7)","decl":{"start":{"line":104,"column":10},"end":{"line":104,"column":15}},"loc":{"start":{"line":104,"column":66},"end":{"line":127,"column":3}}},"6":{"name":"(anonymous_8)","decl":{"start":{"line":129,"column":10},"end":{"line":129,"column":15}},"loc":{"start":{"line":129,"column":26},"end":{"line":131,"column":3}}},"7":{"name":"(anonymous_9)","decl":{"start":{"line":130,"column":23},"end":{"line":130,"column":30}},"loc":{"start":{"line":130,"column":34},"end":{"line":130,"column":57}}}},"branchMap":{"0":{"loc":{"start":{"line":58,"column":6},"end":{"line":60,"column":7}},"type":"if","locations":[{"start":{"line":58,"column":6},"end":{"line":60,"column":7}}]},"1":{"loc":{"start":{"line":58,"column":10},"end":{"line":58,"column":71}},"type":"binary-expr","locations":[{"start":{"line":58,"column":10},"end":{"line":58,"column":41}},{"start":{"line":58,"column":45},"end":{"line":58,"column":71}}]},"2":{"loc":{"start":{"line":63,"column":20},"end":{"line":63,"column":49}},"type":"binary-expr","locations":[{"start":{"line":63,"column":20},"end":{"line":63,"column":35}},{"start":{"line":63,"column":39},"end":{"line":63,"column":49}}]},"3":{"loc":{"start":{"line":64,"column":20},"end":{"line":64,"column":49}},"type":"binary-expr","locations":[{"start":{"line":64,"column":20},"end":{"line":64,"column":35}},{"start":{"line":64,"column":39},"end":{"line":64,"column":49}}]},"4":{"loc":{"start":{"line":78,"column":8},"end":{"line":80,"column":9}},"type":"if","locations":[{"start":{"line":78,"column":8},"end":{"line":80,"column":9}}]},"5":{"loc":{"start":{"line":86,"column":23},"end":{"line":86,"column":48}},"type":"binary-expr","locations":[{"start":{"line":86,"column":23},"end":{"line":86,"column":42}},{"start":{"line":86,"column":46},"end":{"line":86,"column":48}}]},"6":{"loc":{"start":{"line":94,"column":25},"end":{"line":94,"column":48}},"type":"binary-expr","locations":[{"start":{"line":94,"column":25},"end":{"line":94,"column":31}},{"start":{"line":94,"column":35},"end":{"line":94,"column":48}}]},"7":{"loc":{"start":{"line":95,"column":24},"end":{"line":95,"column":80}},"type":"binary-expr","locations":[{"start":{"line":95,"column":24},"end":{"line":95,"column":39}},{"start":{"line":95,"column":46},"end":{"line":95,"column":80}}]},"8":{"loc":{"start":{"line":95,"column":59},"end":{"line":95,"column":78}},"type":"binary-expr","locations":[{"start":{"line":95,"column":59},"end":{"line":95,"column":65}},{"start":{"line":95,"column":69},"end":{"line":95,"column":78}}]},"9":{"loc":{"start":{"line":96,"column":24},"end":{"line":96,"column":89}},"type":"binary-expr","locations":[{"start":{"line":96,"column":24},"end":{"line":96,"column":42}},{"start":{"line":96,"column":46},"end":{"line":96,"column":59}},{"start":{"line":96,"column":63},"end":{"line":96,"column":89}}]},"10":{"loc":{"start":{"line":114,"column":8},"end":{"line":117,"column":9}},"type":"if","locations":[{"start":{"line":114,"column":8},"end":{"line":117,"column":9}}]},"11":{"loc":{"start":{"line":114,"column":12},"end":{"line":114,"column":59}},"type":"binary-expr","locations":[{"start":{"line":114,"column":12},"end":{"line":114,"column":25}},{"start":{"line":114,"column":29},"end":{"line":114,"column":59}}]}},"s":{"0":1,"1":1,"2":1,"3":1,"4":1,"5":1,"6":1,"7":1,"8":1,"9":14,"10":14,"11":12,"12":12,"13":0,"14":12,"15":14,"16":14,"17":14,"18":11,"19":11,"20":0,"21":11,"22":3,"23":3,"24":3,"25":3,"26":28,"27":28,"28":28,"29":28,"30":2,"31":2,"32":2,"33":2,"34":0,"35":0,"36":0,"37":2,"38":2,"39":0,"40":0,"41":1,"42":1},"f":{"0":1,"1":14,"2":14,"3":14,"4":14,"5":28,"6":0,"7":0},"b":{"0":[0],"1":[12,12],"2":[12,0],"3":[12,0],"4":[0],"5":[3,0],"6":[3,3],"7":[3,1],"8":[1,0],"9":[3,1,0],"10":[2],"11":[2,0]}}
,"C:\\Users\\muneeb\\Downloads\\timeoff-service\\timeoff-service\\src\\modules\\requests\\requests.controller.ts": {"path":"C:\\Users\\muneeb\\Downloads\\timeoff-service\\timeoff-service\\src\\modules\\requests\\requests.controller.ts","statementMap":{"0":{"start":{"line":1,"column":0},"end":{"line":1,"column":null}},"1":{"start":{"line":5,"column":0},"end":{"line":5,"column":53}},"2":{"start":{"line":6,"column":0},"end":{"line":6,"column":71}},"3":{"start":{"line":7,"column":0},"end":{"line":7,"column":67}},"4":{"start":{"line":10,"column":7},"end":{"line":77,"column":null}},"5":{"start":{"line":11,"column":31},"end":{"line":11,"column":48}},"6":{"start":{"line":21,"column":4},"end":{"line":21,"column":51}},"7":{"start":{"line":30,"column":4},"end":{"line":30,"column":47}},"8":{"start":{"line":42,"column":4},"end":{"line":44,"column":5}},"9":{"start":{"line":43,"column":6},"end":{"line":43,"column":73}},"10":{"start":{"line":45,"column":4},"end":{"line":45,"column":65}},"11":{"start":{"line":54,"column":4},"end":{"line":54,"column":51}},"12":{"start":{"line":66,"column":4},"end":{"line":66,"column":55}},"13":{"start":{"line":75,"column":4},"end":{"line":75,"column":50}},"14":{"start":{"line":10,"column":13},"end":{"line":10,"column":31}},"15":{"start":{"line":20,"column":8},"end":{"line":22,"column":null}},"16":{"start":{"line":29,"column":8},"end":{"line":31,"column":null}},"17":{"start":{"line":38,"column":8},"end":{"line":46,"column":null}},"18":{"start":{"line":53,"column":8},"end":{"line":55,"column":null}},"19":{"start":{"line":62,"column":8},"end":{"line":67,"column":null}},"20":{"start":{"line":74,"column":8},"end":{"line":76,"column":null}},"21":{"start":{"line":10,"column":13},"end":{"line":77,"column":null}}},"fnMap":{"0":{"name":"(anonymous_4)","decl":{"start":{"line":11,"column":2},"end":{"line":11,"column":31}},"loc":{"start":{"line":11,"column":63},"end":{"line":11,"column":67}}},"1":{"name":"(anonymous_5)","decl":{"start":{"line":20,"column":2},"end":{"line":20,"column":7}},"loc":{"start":{"line":20,"column":44},"end":{"line":22,"column":3}}},"2":{"name":"(anonymous_6)","decl":{"start":{"line":29,"column":2},"end":{"line":29,"column":7}},"loc":{"start":{"line":29,"column":53},"end":{"line":31,"column":3}}},"3":{"name":"(anonymous_7)","decl":{"start":{"line":38,"column":2},"end":{"line":38,"column":7}},"loc":{"start":{"line":40,"column":43},"end":{"line":46,"column":3}}},"4":{"name":"(anonymous_8)","decl":{"start":{"line":53,"column":2},"end":{"line":53,"column":7}},"loc":{"start":{"line":53,"column":53},"end":{"line":55,"column":3}}},"5":{"name":"(anonymous_9)","decl":{"start":{"line":62,"column":2},"end":{"line":62,"column":7}},"loc":{"start":{"line":64,"column":33},"end":{"line":67,"column":3}}},"6":{"name":"(anonymous_10)","decl":{"start":{"line":74,"column":2},"end":{"line":74,"column":7}},"loc":{"start":{"line":74,"column":52},"end":{"line":76,"column":3}}}},"branchMap":{"0":{"loc":{"start":{"line":42,"column":4},"end":{"line":44,"column":5}},"type":"if","locations":[{"start":{"line":42,"column":4},"end":{"line":44,"column":5}}]}},"s":{"0":1,"1":1,"2":1,"3":1,"4":1,"5":1,"6":15,"7":1,"8":1,"9":0,"10":1,"11":4,"12":1,"13":2,"14":1,"15":1,"16":1,"17":1,"18":1,"19":1,"20":1,"21":1},"f":{"0":1,"1":15,"2":1,"3":1,"4":4,"5":1,"6":2},"b":{"0":[0]}}
,"C:\\Users\\muneeb\\Downloads\\timeoff-service\\timeoff-service\\src\\modules\\requests\\requests.module.ts": {"path":"C:\\Users\\muneeb\\Downloads\\timeoff-service\\timeoff-service\\src\\modules\\requests\\requests.module.ts","statementMap":{"0":{"start":{"line":1,"column":0},"end":{"line":1,"column":40}},"1":{"start":{"line":2,"column":0},"end":{"line":2,"column":48}},"2":{"start":{"line":3,"column":0},"end":{"line":3,"column":59}},"3":{"start":{"line":4,"column":0},"end":{"line":4,"column":53}},"4":{"start":{"line":5,"column":0},"end":{"line":5,"column":68}},"5":{"start":{"line":6,"column":0},"end":{"line":6,"column":61}},"6":{"start":{"line":7,"column":0},"end":{"line":7,"column":46}},"7":{"start":{"line":15,"column":7},"end":{"line":15,"column":null}},"8":{"start":{"line":15,"column":13},"end":{"line":15,"column":27}},"9":{"start":{"line":15,"column":13},"end":{"line":15,"column":null}}},"fnMap":{},"branchMap":{},"s":{"0":1,"1":1,"2":1,"3":1,"4":1,"5":1,"6":1,"7":1,"8":1,"9":1},"f":{},"b":{}}
,"C:\\Users\\muneeb\\Downloads\\timeoff-service\\timeoff-service\\src\\modules\\requests\\requests.service.ts": {"path":"C:\\Users\\muneeb\\Downloads\\timeoff-service\\timeoff-service\\src\\modules\\requests\\requests.service.ts","statementMap":{"0":{"start":{"line":1,"column":0},"end":{"line":1,"column":null}},"1":{"start":{"line":9,"column":0},"end":{"line":9,"column":51}},"2":{"start":{"line":10,"column":0},"end":{"line":10,"column":46}},"3":{"start":{"line":11,"column":0},"end":{"line":11,"column":83}},"4":{"start":{"line":12,"column":0},"end":{"line":12,"column":63}},"5":{"start":{"line":13,"column":0},"end":{"line":13,"column":48}},"6":{"start":{"line":17,"column":28},"end":{"line":258,"column":null}},"7":{"start":{"line":22,"column":21},"end":{"line":22,"column":34}},"8":{"start":{"line":23,"column":21},"end":{"line":23,"column":38}},"9":{"start":{"line":24,"column":21},"end":{"line":24,"column":33}},"10":{"start":{"line":18,"column":19},"end":{"line":18,"column":61}},"11":{"start":{"line":30,"column":4},"end":{"line":32,"column":5}},"12":{"start":{"line":31,"column":6},"end":{"line":31,"column":78}},"13":{"start":{"line":35,"column":4},"end":{"line":35,"column":88}},"14":{"start":{"line":38,"column":24},"end":{"line":38,"column":93}},"15":{"start":{"line":41,"column":24},"end":{"line":41,"column":81}},"16":{"start":{"line":42,"column":29},"end":{"line":42,"column":62}},"17":{"start":{"line":44,"column":4},"end":{"line":51,"column":5}},"18":{"start":{"line":45,"column":6},"end":{"line":50,"column":9}},"19":{"start":{"line":54,"column":20},"end":{"line":57,"column":6}},"20":{"start":{"line":58,"column":18},"end":{"line":58,"column":54}},"21":{"start":{"line":61,"column":4},"end":{"line":105,"column":5}},"22":{"start":{"line":62,"column":24},"end":{"line":69,"column":8}},"23":{"start":{"line":72,"column":6},"end":{"line":98,"column":7}},"24":{"start":{"line":73,"column":8},"end":{"line":75,"column":10}},"25":{"start":{"line":76,"column":8},"end":{"line":76,"column":45}},"26":{"start":{"line":77,"column":13},"end":{"line":98,"column":7}},"27":{"start":{"line":78,"column":8},"end":{"line":78,"column":64}},"28":{"start":{"line":79,"column":8},"end":{"line":79,"column":54}},"29":{"start":{"line":82,"column":8},"end":{"line":86,"column":9}},"30":{"start":{"line":83,"column":10},"end":{"line":83,"column":82}},"31":{"start":{"line":85,"column":10},"end":{"line":85,"column":97}},"32":{"start":{"line":88,"column":8},"end":{"line":88,"column":44}},"33":{"start":{"line":89,"column":8},"end":{"line":91,"column":10}},"34":{"start":{"line":93,"column":8},"end":{"line":93,"column":43}},"35":{"start":{"line":94,"column":8},"end":{"line":97,"column":11}},"36":{"start":{"line":100,"column":6},"end":{"line":100,"column":64}},"37":{"start":{"line":100,"column":54},"end":{"line":100,"column":64}},"38":{"start":{"line":103,"column":6},"end":{"line":103,"column":83}},"39":{"start":{"line":104,"column":6},"end":{"line":104,"column":43}},"40":{"start":{"line":107,"column":4},"end":{"line":107,"column":40}},"41":{"start":{"line":112,"column":20},"end":{"line":112,"column":69}},"42":{"start":{"line":113,"column":4},"end":{"line":113,"column":73}},"43":{"start":{"line":113,"column":18},"end":{"line":113,"column":73}},"44":{"start":{"line":114,"column":4},"end":{"line":114,"column":19}},"45":{"start":{"line":119,"column":23},"end":{"line":119,"column":37}},"46":{"start":{"line":120,"column":4},"end":{"line":120,"column":38}},"47":{"start":{"line":120,"column":16},"end":{"line":120,"column":38}},"48":{"start":{"line":121,"column":4},"end":{"line":121,"column":74}},"49":{"start":{"line":126,"column":20},"end":{"line":126,"column":45}},"50":{"start":{"line":128,"column":4},"end":{"line":132,"column":5}},"51":{"start":{"line":129,"column":6},"end":{"line":131,"column":8}},"52":{"start":{"line":134,"column":4},"end":{"line":134,"column":44}},"53":{"start":{"line":135,"column":18},"end":{"line":135,"column":54}},"54":{"start":{"line":136,"column":4},"end":{"line":136,"column":57}},"55":{"start":{"line":137,"column":4},"end":{"line":137,"column":17}},"56":{"start":{"line":142,"column":20},"end":{"line":142,"column":45}},"57":{"start":{"line":144,"column":4},"end":{"line":148,"column":5}},"58":{"start":{"line":145,"column":6},"end":{"line":147,"column":8}},"59":{"start":{"line":151,"column":4},"end":{"line":163,"column":5}},"60":{"start":{"line":152,"column":6},"end":{"line":159,"column":9}},"61":{"start":{"line":161,"column":6},"end":{"line":161,"column":90}},"62":{"start":{"line":166,"column":4},"end":{"line":168,"column":34}},"63":{"start":{"line":167,"column":6},"end":{"line":167,"column":86}},"64":{"start":{"line":170,"column":4},"end":{"line":170,"column":44}},"65":{"start":{"line":171,"column":4},"end":{"line":171,"column":48}},"66":{"start":{"line":171,"column":21},"end":{"line":171,"column":48}},"67":{"start":{"line":172,"column":4},"end":{"line":172,"column":42}},"68":{"start":{"line":177,"column":20},"end":{"line":177,"column":45}},"69":{"start":{"line":179,"column":32},"end":{"line":179,"column":88}},"70":{"start":{"line":180,"column":4},"end":{"line":184,"column":5}},"71":{"start":{"line":181,"column":6},"end":{"line":183,"column":8}},"72":{"start":{"line":187,"column":4},"end":{"line":201,"column":5}},"73":{"start":{"line":188,"column":6},"end":{"line":200,"column":7}},"74":{"start":{"line":189,"column":8},"end":{"line":196,"column":11}},"75":{"start":{"line":197,"column":8},"end":{"line":197,"column":88}},"76":{"start":{"line":199,"column":8},"end":{"line":199,"column":93}},"77":{"start":{"line":203,"column":4},"end":{"line":203,"column":45}},"78":{"start":{"line":204,"column":4},"end":{"line":204,"column":42}},"79":{"start":{"line":211,"column":20},"end":{"line":217,"column":6}},"80":{"start":{"line":218,"column":4},"end":{"line":218,"column":64}},"81":{"start":{"line":218,"column":38},"end":{"line":218,"column":59}},"82":{"start":{"line":229,"column":27},"end":{"line":233,"column":6}},"83":{"start":{"line":235,"column":21},"end":{"line":241,"column":6}},"84":{"start":{"line":243,"column":18},"end":{"line":243,"column":37}},"85":{"start":{"line":244,"column":18},"end":{"line":244,"column":35}},"86":{"start":{"line":246,"column":4},"end":{"line":256,"column":5}},"87":{"start":{"line":247,"column":6},"end":{"line":247,"column":54}},"88":{"start":{"line":247,"column":45},"end":{"line":247,"column":54}},"89":{"start":{"line":248,"column":21},"end":{"line":248,"column":44}},"90":{"start":{"line":249,"column":21},"end":{"line":249,"column":42}},"91":{"start":{"line":251,"column":6},"end":{"line":255,"column":7}},"92":{"start":{"line":252,"column":8},"end":{"line":254,"column":10}},"93":{"start":{"line":17,"column":13},"end":{"line":17,"column":28}},"94":{"start":{"line":17,"column":13},"end":{"line":258,"column":null}}},"fnMap":{"0":{"name":"(anonymous_4)","decl":{"start":{"line":20,"column":2},"end":{"line":20,"column":null}},"loc":{"start":{"line":24,"column":43},"end":{"line":25,"column":6}}},"1":{"name":"(anonymous_5)","decl":{"start":{"line":28,"column":2},"end":{"line":28,"column":7}},"loc":{"start":{"line":28,"column":43},"end":{"line":108,"column":3}}},"2":{"name":"(anonymous_6)","decl":{"start":{"line":111,"column":2},"end":{"line":111,"column":7}},"loc":{"start":{"line":111,"column":29},"end":{"line":115,"column":3}}},"3":{"name":"(anonymous_7)","decl":{"start":{"line":118,"column":2},"end":{"line":118,"column":7}},"loc":{"start":{"line":118,"column":63},"end":{"line":122,"column":3}}},"4":{"name":"(anonymous_8)","decl":{"start":{"line":125,"column":2},"end":{"line":125,"column":7}},"loc":{"start":{"line":125,"column":33},"end":{"line":138,"column":3}}},"5":{"name":"(anonymous_9)","decl":{"start":{"line":141,"column":2},"end":{"line":141,"column":7}},"loc":{"start":{"line":141,"column":55},"end":{"line":173,"column":3}}},"6":{"name":"(anonymous_10)","decl":{"start":{"line":176,"column":2},"end":{"line":176,"column":7}},"loc":{"start":{"line":176,"column":32},"end":{"line":205,"column":3}}},"7":{"name":"(anonymous_11)","decl":{"start":{"line":210,"column":10},"end":{"line":210,"column":15}},"loc":{"start":{"line":210,"column":69},"end":{"line":219,"column":3}}},"8":{"name":"(anonymous_12)","decl":{"start":{"line":218,"column":26},"end":{"line":218,"column":27}},"loc":{"start":{"line":218,"column":38},"end":{"line":218,"column":59}}},"9":{"name":"(anonymous_13)","decl":{"start":{"line":222,"column":10},"end":{"line":222,"column":15}},"loc":{"start":{"line":227,"column":22},"end":{"line":257,"column":3}}}},"branchMap":{"0":{"loc":{"start":{"line":30,"column":4},"end":{"line":32,"column":5}},"type":"if","locations":[{"start":{"line":30,"column":4},"end":{"line":32,"column":5}}]},"1":{"loc":{"start":{"line":44,"column":4},"end":{"line":51,"column":5}},"type":"if","locations":[{"start":{"line":44,"column":4},"end":{"line":51,"column":5}}]},"2":{"loc":{"start":{"line":72,"column":6},"end":{"line":98,"column":7}},"type":"if","locations":[{"start":{"line":72,"column":6},"end":{"line":98,"column":7}},{"start":{"line":77,"column":13},"end":{"line":98,"column":7}}]},"3":{"loc":{"start":{"line":77,"column":13},"end":{"line":98,"column":7}},"type":"if","locations":[{"start":{"line":77,"column":13},"end":{"line":98,"column":7}},{"start":{"line":87,"column":13},"end":{"line":98,"column":7}}]},"4":{"loc":{"start":{"line":95,"column":17},"end":{"line":95,"column":54}},"type":"binary-expr","locations":[{"start":{"line":95,"column":17},"end":{"line":95,"column":36}},{"start":{"line":95,"column":40},"end":{"line":95,"column":54}}]},"5":{"loc":{"start":{"line":96,"column":19},"end":{"line":96,"column":71}},"type":"binary-expr","locations":[{"start":{"line":96,"column":19},"end":{"line":96,"column":41}},{"start":{"line":96,"column":45},"end":{"line":96,"column":71}}]},"6":{"loc":{"start":{"line":100,"column":6},"end":{"line":100,"column":64}},"type":"if","locations":[{"start":{"line":100,"column":6},"end":{"line":100,"column":64}}]},"7":{"loc":{"start":{"line":100,"column":10},"end":{"line":100,"column":52}},"type":"binary-expr","locations":[{"start":{"line":100,"column":10},"end":{"line":100,"column":29}},{"start":{"line":100,"column":33},"end":{"line":100,"column":52}}]},"8":{"loc":{"start":{"line":113,"column":4},"end":{"line":113,"column":73}},"type":"if","locations":[{"start":{"line":113,"column":4},"end":{"line":113,"column":73}}]},"9":{"loc":{"start":{"line":120,"column":4},"end":{"line":120,"column":38}},"type":"if","locations":[{"start":{"line":120,"column":4},"end":{"line":120,"column":38}}]},"10":{"loc":{"start":{"line":128,"column":4},"end":{"line":132,"column":5}},"type":"if","locations":[{"start":{"line":128,"column":4},"end":{"line":132,"column":5}}]},"11":{"loc":{"start":{"line":144,"column":4},"end":{"line":148,"column":5}},"type":"if","locations":[{"start":{"line":144,"column":4},"end":{"line":148,"column":5}}]},"12":{"loc":{"start":{"line":171,"column":4},"end":{"line":171,"column":48}},"type":"if","locations":[{"start":{"line":171,"column":4},"end":{"line":171,"column":48}}]},"13":{"loc":{"start":{"line":180,"column":4},"end":{"line":184,"column":5}},"type":"if","locations":[{"start":{"line":180,"column":4},"end":{"line":184,"column":5}}]},"14":{"loc":{"start":{"line":187,"column":4},"end":{"line":201,"column":5}},"type":"if","locations":[{"start":{"line":187,"column":4},"end":{"line":201,"column":5}}]},"15":{"loc":{"start":{"line":247,"column":6},"end":{"line":247,"column":54}},"type":"if","locations":[{"start":{"line":247,"column":6},"end":{"line":247,"column":54}}]},"16":{"loc":{"start":{"line":247,"column":10},"end":{"line":247,"column":43}},"type":"binary-expr","locations":[{"start":{"line":247,"column":10},"end":{"line":247,"column":19}},{"start":{"line":247,"column":23},"end":{"line":247,"column":43}}]},"17":{"loc":{"start":{"line":251,"column":6},"end":{"line":255,"column":7}},"type":"if","locations":[{"start":{"line":251,"column":6},"end":{"line":255,"column":7}}]},"18":{"loc":{"start":{"line":251,"column":12},"end":{"line":251,"column":40}},"type":"binary-expr","locations":[{"start":{"line":251,"column":12},"end":{"line":251,"column":24}},{"start":{"line":251,"column":28},"end":{"line":251,"column":40}}]}},"s":{"0":1,"1":1,"2":1,"3":1,"4":1,"5":1,"6":1,"7":1,"8":1,"9":1,"10":1,"11":15,"12":1,"13":14,"14":13,"15":13,"16":13,"17":13,"18":1,"19":12,"20":12,"21":12,"22":12,"23":12,"24":1,"25":1,"26":11,"27":9,"28":9,"29":9,"30":9,"31":0,"32":2,"33":2,"34":2,"35":2,"36":2,"37":2,"38":0,"39":0,"40":10,"41":8,"42":8,"43":0,"44":8,"45":1,"46":1,"47":0,"48":1,"49":4,"50":4,"51":1,"52":3,"53":3,"54":3,"55":3,"56":1,"57":1,"58":0,"59":1,"60":1,"61":0,"62":1,"63":1,"64":1,"65":1,"66":1,"67":1,"68":2,"69":2,"70":2,"71":1,"72":1,"73":1,"74":1,"75":1,"76":0,"77":1,"78":1,"79":13,"80":13,"81":0,"82":14,"83":14,"84":14,"85":14,"86":14,"87":1,"88":0,"89":1,"90":1,"91":1,"92":1,"93":1,"94":1},"f":{"0":1,"1":15,"2":8,"3":1,"4":4,"5":1,"6":2,"7":13,"8":0,"9":14},"b":{"0":[1],"1":[1],"2":[1,11],"3":[9,2],"4":[2,0],"5":[2,0],"6":[2],"7":[2,0],"8":[0],"9":[0],"10":[1],"11":[0],"12":[1],"13":[1],"14":[1],"15":[0],"16":[1,0],"17":[1],"18":[1,1]}}
,"C:\\Users\\muneeb\\Downloads\\timeoff-service\\timeoff-service\\src\\modules\\requests\\dto\\request.dto.ts": {"path":"C:\\Users\\muneeb\\Downloads\\timeoff-service\\timeoff-service\\src\\modules\\requests\\dto\\request.dto.ts","statementMap":{"0":{"start":{"line":1,"column":0},"end":{"line":1,"column":null}},"1":{"start":{"line":5,"column":0},"end":{"line":5,"column":13}},"2":{"start":{"line":8,"column":2},"end":{"line":8,"column":null}},"3":{"start":{"line":12,"column":2},"end":{"line":12,"column":null}},"4":{"start":{"line":17,"column":2},"end":{"line":17,"column":null}},"5":{"start":{"line":20,"column":2},"end":{"line":20,"column":null}},"6":{"start":{"line":23,"column":2},"end":{"line":23,"column":null}},"7":{"start":{"line":27,"column":2},"end":{"line":27,"column":null}},"8":{"start":{"line":30,"column":0},"end":{"line":30,"column":13}},"9":{"start":{"line":33,"column":2},"end":{"line":33,"column":null}}},"fnMap":{},"branchMap":{},"s":{"0":1,"1":1,"2":1,"3":1,"4":1,"5":1,"6":1,"7":1,"8":1,"9":1},"f":{},"b":{}}
,"C:\\Users\\muneeb\\Downloads\\timeoff-service\\timeoff-service\\src\\modules\\requests\\entities\\time-off-request.entity.ts": {"path":"C:\\Users\\muneeb\\Downloads\\timeoff-service\\timeoff-service\\src\\modules\\requests\\entities\\time-off-request.entity.ts","statementMap":{"0":{"start":{"line":1,"column":0},"end":{"line":1,"column":null}},"1":{"start":{"line":9,"column":0},"end":{"line":9,"column":null}},"2":{"start":{"line":10,"column":2},"end":{"line":10,"column":null}},"3":{"start":{"line":11,"column":2},"end":{"line":11,"column":null}},"4":{"start":{"line":12,"column":2},"end":{"line":12,"column":null}},"5":{"start":{"line":13,"column":2},"end":{"line":13,"column":null}},"6":{"start":{"line":14,"column":2},"end":{"line":14,"column":null}},"7":{"start":{"line":15,"column":2},"end":{"line":15,"column":null}},"8":{"start":{"line":16,"column":2},"end":{"line":16,"column":null}},"9":{"start":{"line":20,"column":7},"end":{"line":53,"column":null}},"10":{"start":{"line":20,"column":13},"end":{"line":20,"column":27}},"11":{"start":{"line":22,"column":2},"end":{"line":22,"column":null}},"12":{"start":{"line":25,"column":2},"end":{"line":25,"column":null}},"13":{"start":{"line":28,"column":2},"end":{"line":28,"column":null}},"14":{"start":{"line":31,"column":2},"end":{"line":31,"column":null}},"15":{"start":{"line":34,"column":2},"end":{"line":34,"column":null}},"16":{"start":{"line":37,"column":2},"end":{"line":37,"column":null}},"17":{"start":{"line":40,"column":2},"end":{"line":40,"column":null}},"18":{"start":{"line":43,"column":2},"end":{"line":43,"column":null}},"19":{"start":{"line":46,"column":2},"end":{"line":46,"column":null}},"20":{"start":{"line":49,"column":2},"end":{"line":49,"column":null}},"21":{"start":{"line":52,"column":2},"end":{"line":52,"column":null}},"22":{"start":{"line":20,"column":13},"end":{"line":53,"column":null}}},"fnMap":{"0":{"name":"(anonymous_2)","decl":{"start":{"line":9,"column":0},"end":{"line":9,"column":12}},"loc":{"start":{"line":9,"column":25},"end":{"line":17,"column":1}}}},"branchMap":{"0":{"loc":{"start":{"line":9,"column":12},"end":{"line":9,"column":null}},"type":"binary-expr","locations":[{"start":{"line":9,"column":12},"end":{"line":9,"column":25}},{"start":{"line":9,"column":25},"end":{"line":9,"column":null}}]}},"s":{"0":1,"1":1,"2":1,"3":1,"4":1,"5":1,"6":1,"7":1,"8":1,"9":1,"10":1,"11":1,"12":1,"13":1,"14":1,"15":1,"16":1,"17":1,"18":1,"19":1,"20":1,"21":1,"22":1},"f":{"0":1},"b":{"0":[1,1]}}
,"C:\\Users\\muneeb\\Downloads\\timeoff-service\\timeoff-service\\src\\modules\\sync\\sync.controller.ts": {"path":"C:\\Users\\muneeb\\Downloads\\timeoff-service\\timeoff-service\\src\\modules\\sync\\sync.controller.ts","statementMap":{"0":{"start":{"line":1,"column":0},"end":{"line":1,"column":88}},"1":{"start":{"line":2,"column":0},"end":{"line":2,"column":45}},"2":{"start":{"line":5,"column":7},"end":{"line":19,"column":null}},"3":{"start":{"line":6,"column":31},"end":{"line":6,"column":44}},"4":{"start":{"line":12,"column":4},"end":{"line":12,"column":49}},"5":{"start":{"line":17,"column":4},"end":{"line":17,"column":58}},"6":{"start":{"line":5,"column":13},"end":{"line":5,"column":27}},"7":{"start":{"line":9,"column":8},"end":{"line":13,"column":null}},"8":{"start":{"line":16,"column":8},"end":{"line":18,"column":null}},"9":{"start":{"line":5,"column":13},"end":{"line":19,"column":null}}},"fnMap":{"0":{"name":"(anonymous_4)","decl":{"start":{"line":6,"column":2},"end":{"line":6,"column":31}},"loc":{"start":{"line":6,"column":55},"end":{"line":6,"column":59}}},"1":{"name":"(anonymous_5)","decl":{"start":{"line":9,"column":2},"end":{"line":9,"column":7}},"loc":{"start":{"line":10,"column":73},"end":{"line":13,"column":3}}},"2":{"name":"(anonymous_6)","decl":{"start":{"line":16,"column":2},"end":{"line":16,"column":7}},"loc":{"start":{"line":16,"column":65},"end":{"line":18,"column":3}}}},"branchMap":{},"s":{"0":1,"1":1,"2":1,"3":1,"4":0,"5":0,"6":1,"7":1,"8":1,"9":1},"f":{"0":1,"1":0,"2":0},"b":{}}
,"C:\\Users\\muneeb\\Downloads\\timeoff-service\\timeoff-service\\src\\modules\\sync\\sync.module.ts": {"path":"C:\\Users\\muneeb\\Downloads\\timeoff-service\\timeoff-service\\src\\modules\\sync\\sync.module.ts","statementMap":{"0":{"start":{"line":1,"column":0},"end":{"line":1,"column":40}},"1":{"start":{"line":2,"column":0},"end":{"line":2,"column":48}},"2":{"start":{"line":3,"column":0},"end":{"line":3,"column":53}},"3":{"start":{"line":4,"column":0},"end":{"line":4,"column":51}},"4":{"start":{"line":5,"column":0},"end":{"line":5,"column":45}},"5":{"start":{"line":13,"column":7},"end":{"line":13,"column":null}},"6":{"start":{"line":13,"column":13},"end":{"line":13,"column":23}},"7":{"start":{"line":13,"column":13},"end":{"line":13,"column":null}}},"fnMap":{},"branchMap":{},"s":{"0":1,"1":1,"2":1,"3":1,"4":1,"5":1,"6":1,"7":1},"f":{},"b":{}}
,"C:\\Users\\muneeb\\Downloads\\timeoff-service\\timeoff-service\\src\\modules\\sync\\sync.service.ts": {"path":"C:\\Users\\muneeb\\Downloads\\timeoff-service\\timeoff-service\\src\\modules\\sync\\sync.service.ts","statementMap":{"0":{"start":{"line":1,"column":0},"end":{"line":1,"column":44}},"1":{"start":{"line":2,"column":0},"end":{"line":2,"column":51}},"2":{"start":{"line":3,"column":0},"end":{"line":3,"column":37}},"3":{"start":{"line":4,"column":0},"end":{"line":4,"column":53}},"4":{"start":{"line":7,"column":7},"end":{"line":26,"column":null}},"5":{"start":{"line":10,"column":21},"end":{"line":10,"column":34}},"6":{"start":{"line":14,"column":4},"end":{"line":17,"column":7}},"7":{"start":{"line":21,"column":4},"end":{"line":24,"column":7}},"8":{"start":{"line":7,"column":13},"end":{"line":7,"column":24}},"9":{"start":{"line":7,"column":13},"end":{"line":26,"column":null}}},"fnMap":{"0":{"name":"(anonymous_4)","decl":{"start":{"line":8,"column":2},"end":{"line":8,"column":null}},"loc":{"start":{"line":10,"column":53},"end":{"line":11,"column":6}}},"1":{"name":"(anonymous_5)","decl":{"start":{"line":13,"column":2},"end":{"line":13,"column":7}},"loc":{"start":{"line":13,"column":32},"end":{"line":18,"column":3}}},"2":{"name":"(anonymous_6)","decl":{"start":{"line":20,"column":2},"end":{"line":20,"column":7}},"loc":{"start":{"line":20,"column":44},"end":{"line":25,"column":3}}}},"branchMap":{"0":{"loc":{"start":{"line":13,"column":22},"end":{"line":13,"column":32}},"type":"default-arg","locations":[{"start":{"line":13,"column":30},"end":{"line":13,"column":32}}]}},"s":{"0":1,"1":1,"2":1,"3":1,"4":1,"5":1,"6":0,"7":0,"8":1,"9":1},"f":{"0":1,"1":0,"2":0},"b":{"0":[0]}}
,"C:\\Users\\muneeb\\Downloads\\timeoff-service\\timeoff-service\\src\\modules\\sync\\entities\\sync-log.entity.ts": {"path":"C:\\Users\\muneeb\\Downloads\\timeoff-service\\timeoff-service\\src\\modules\\sync\\entities\\sync-log.entity.ts","statementMap":{"0":{"start":{"line":1,"column":0},"end":{"line":1,"column":83}},"1":{"start":{"line":3,"column":0},"end":{"line":3,"column":25}},"2":{"start":{"line":3,"column":25},"end":{"line":3,"column":48}},"3":{"start":{"line":3,"column":48},"end":{"line":3,"column":65}},"4":{"start":{"line":3,"column":65},"end":{"line":3,"column":84}},"5":{"start":{"line":3,"column":84},"end":{"line":3,"column":104}},"6":{"start":{"line":4,"column":0},"end":{"line":4,"column":25}},"7":{"start":{"line":4,"column":25},"end":{"line":4,"column":48}},"8":{"start":{"line":4,"column":48},"end":{"line":4,"column":69}},"9":{"start":{"line":4,"column":69},"end":{"line":4,"column":89}},"10":{"start":{"line":7,"column":7},"end":{"line":31,"column":null}},"11":{"start":{"line":7,"column":13},"end":{"line":7,"column":20}},"12":{"start":{"line":9,"column":2},"end":{"line":9,"column":null}},"13":{"start":{"line":12,"column":2},"end":{"line":12,"column":null}},"14":{"start":{"line":15,"column":2},"end":{"line":15,"column":null}},"15":{"start":{"line":18,"column":2},"end":{"line":18,"column":null}},"16":{"start":{"line":21,"column":2},"end":{"line":21,"column":null}},"17":{"start":{"line":24,"column":2},"end":{"line":24,"column":null}},"18":{"start":{"line":27,"column":2},"end":{"line":27,"column":null}},"19":{"start":{"line":30,"column":2},"end":{"line":30,"column":null}},"20":{"start":{"line":7,"column":13},"end":{"line":31,"column":null}}},"fnMap":{"0":{"name":"(anonymous_2)","decl":{"start":{"line":3,"column":0},"end":{"line":3,"column":12}},"loc":{"start":{"line":3,"column":20},"end":{"line":3,"column":105}}},"1":{"name":"(anonymous_3)","decl":{"start":{"line":4,"column":0},"end":{"line":4,"column":12}},"loc":{"start":{"line":4,"column":22},"end":{"line":4,"column":90}}}},"branchMap":{"0":{"loc":{"start":{"line":3,"column":12},"end":{"line":3,"column":25}},"type":"binary-expr","locations":[{"start":{"line":3,"column":12},"end":{"line":3,"column":20}},{"start":{"line":3,"column":20},"end":{"line":3,"column":25}}]},"1":{"loc":{"start":{"line":4,"column":12},"end":{"line":4,"column":25}},"type":"binary-expr","locations":[{"start":{"line":4,"column":12},"end":{"line":4,"column":22}},{"start":{"line":4,"column":22},"end":{"line":4,"column":25}}]}},"s":{"0":1,"1":1,"2":1,"3":1,"4":1,"5":1,"6":1,"7":1,"8":1,"9":1,"10":1,"11":1,"12":1,"13":1,"14":1,"15":1,"16":1,"17":1,"18":1,"19":1,"20":1},"f":{"0":1,"1":1},"b":{"0":[1,1],"1":[1,1]}}
,"C:\\Users\\muneeb\\Downloads\\timeoff-service\\timeoff-service\\src\\modules\\test\\test.controller.ts": {"path":"C:\\Users\\muneeb\\Downloads\\timeoff-service\\timeoff-service\\src\\modules\\test\\test.controller.ts","statementMap":{"0":{"start":{"line":1,"column":0},"end":{"line":1,"column":50}},"1":{"start":{"line":2,"column":0},"end":{"line":2,"column":45}},"2":{"start":{"line":9,"column":7},"end":{"line":21,"column":null}},"3":{"start":{"line":10,"column":31},"end":{"line":10,"column":44}},"4":{"start":{"line":18,"column":4},"end":{"line":18,"column":43}},"5":{"start":{"line":19,"column":4},"end":{"line":19,"column":41}},"6":{"start":{"line":9,"column":13},"end":{"line":9,"column":27}},"7":{"start":{"line":17,"column":8},"end":{"line":20,"column":null}},"8":{"start":{"line":9,"column":13},"end":{"line":21,"column":null}}},"fnMap":{"0":{"name":"(anonymous_2)","decl":{"start":{"line":10,"column":2},"end":{"line":10,"column":31}},"loc":{"start":{"line":10,"column":55},"end":{"line":10,"column":59}}},"1":{"name":"(anonymous_3)","decl":{"start":{"line":17,"column":2},"end":{"line":17,"column":7}},"loc":{"start":{"line":17,"column":15},"end":{"line":20,"column":3}}}},"branchMap":{},"s":{"0":1,"1":1,"2":1,"3":1,"4":24,"5":24,"6":1,"7":1,"8":1},"f":{"0":1,"1":24},"b":{}}
,"C:\\Users\\muneeb\\Downloads\\timeoff-service\\timeoff-service\\src\\modules\\test\\test.module.ts": {"path":"C:\\Users\\muneeb\\Downloads\\timeoff-service\\timeoff-service\\src\\modules\\test\\test.module.ts","statementMap":{"0":{"start":{"line":1,"column":0},"end":{"line":1,"column":40}},"1":{"start":{"line":2,"column":0},"end":{"line":2,"column":48}},"2":{"start":{"line":3,"column":0},"end":{"line":3,"column":51}},"3":{"start":{"line":4,"column":0},"end":{"line":4,"column":45}},"4":{"start":{"line":5,"column":0},"end":{"line":5,"column":73}},"5":{"start":{"line":6,"column":0},"end":{"line":6,"column":78}},"6":{"start":{"line":7,"column":0},"end":{"line":7,"column":59}},"7":{"start":{"line":15,"column":7},"end":{"line":15,"column":null}},"8":{"start":{"line":15,"column":13},"end":{"line":15,"column":23}},"9":{"start":{"line":15,"column":13},"end":{"line":15,"column":null}}},"fnMap":{},"branchMap":{},"s":{"0":1,"1":1,"2":1,"3":1,"4":1,"5":1,"6":1,"7":1,"8":1,"9":1},"f":{},"b":{}}
,"C:\\Users\\muneeb\\Downloads\\timeoff-service\\timeoff-service\\src\\modules\\test\\test.service.ts": {"path":"C:\\Users\\muneeb\\Downloads\\timeoff-service\\timeoff-service\\src\\modules\\test\\test.service.ts","statementMap":{"0":{"start":{"line":1,"column":0},"end":{"line":1,"column":44}},"1":{"start":{"line":2,"column":0},"end":{"line":2,"column":51}},"2":{"start":{"line":3,"column":0},"end":{"line":3,"column":37}},"3":{"start":{"line":4,"column":0},"end":{"line":4,"column":73}},"4":{"start":{"line":5,"column":0},"end":{"line":5,"column":78}},"5":{"start":{"line":6,"column":0},"end":{"line":6,"column":59}},"6":{"start":{"line":9,"column":7},"end":{"line":29,"column":null}},"7":{"start":{"line":12,"column":21},"end":{"line":12,"column":34}},"8":{"start":{"line":14,"column":21},"end":{"line":14,"column":34}},"9":{"start":{"line":16,"column":21},"end":{"line":16,"column":34}},"10":{"start":{"line":25,"column":4},"end":{"line":25,"column":88}},"11":{"start":{"line":26,"column":4},"end":{"line":26,"column":81}},"12":{"start":{"line":27,"column":4},"end":{"line":27,"column":86}},"13":{"start":{"line":9,"column":13},"end":{"line":9,"column":24}},"14":{"start":{"line":9,"column":13},"end":{"line":29,"column":null}}},"fnMap":{"0":{"name":"(anonymous_4)","decl":{"start":{"line":10,"column":2},"end":{"line":10,"column":null}},"loc":{"start":{"line":16,"column":53},"end":{"line":17,"column":6}}},"1":{"name":"(anonymous_5)","decl":{"start":{"line":23,"column":2},"end":{"line":23,"column":7}},"loc":{"start":{"line":23,"column":21},"end":{"line":28,"column":3}}}},"branchMap":{},"s":{"0":1,"1":1,"2":1,"3":1,"4":1,"5":1,"6":1,"7":1,"8":1,"9":1,"10":24,"11":24,"12":24,"13":1,"14":1},"f":{"0":1,"1":24},"b":{}}
,"C:\\Users\\muneeb\\Downloads\\timeoff-service\\timeoff-service\\src\\modules\\webhooks\\webhooks.controller.ts": {"path":"C:\\Users\\muneeb\\Downloads\\timeoff-service\\timeoff-service\\src\\modules\\webhooks\\webhooks.controller.ts","statementMap":{"0":{"start":{"line":1,"column":0},"end":{"line":1,"column":null}},"1":{"start":{"line":5,"column":0},"end":{"line":5,"column":47}},"2":{"start":{"line":6,"column":0},"end":{"line":6,"column":63}},"3":{"start":{"line":7,"column":0},"end":{"line":7,"column":60}},"4":{"start":{"line":8,"column":0},"end":{"line":8,"column":33}},"5":{"start":{"line":20,"column":31},"end":{"line":95,"column":null}},"6":{"start":{"line":24,"column":21},"end":{"line":24,"column":38}},"7":{"start":{"line":25,"column":21},"end":{"line":25,"column":29}},"8":{"start":{"line":21,"column":19},"end":{"line":21,"column":64}},"9":{"start":{"line":43,"column":4},"end":{"line":43,"column":58}},"10":{"start":{"line":45,"column":4},"end":{"line":48,"column":6}},"11":{"start":{"line":50,"column":4},"end":{"line":53,"column":5}},"12":{"start":{"line":51,"column":6},"end":{"line":51,"column":73}},"13":{"start":{"line":52,"column":6},"end":{"line":52,"column":57}},"14":{"start":{"line":56,"column":20},"end":{"line":62,"column":null}},"15":{"start":{"line":65,"column":4},"end":{"line":70,"column":6}},"16":{"start":{"line":75,"column":19},"end":{"line":75,"column":68}},"17":{"start":{"line":78,"column":4},"end":{"line":78,"column":65}},"18":{"start":{"line":78,"column":58},"end":{"line":78,"column":65}},"19":{"start":{"line":80,"column":4},"end":{"line":82,"column":5}},"20":{"start":{"line":81,"column":6},"end":{"line":81,"column":72}},"21":{"start":{"line":84,"column":20},"end":{"line":84,"column":43}},"22":{"start":{"line":85,"column":20},"end":{"line":85,"column":48}},"23":{"start":{"line":86,"column":21},"end":{"line":89,"column":20}},"24":{"start":{"line":91,"column":4},"end":{"line":93,"column":5}},"25":{"start":{"line":92,"column":6},"end":{"line":92,"column":71}},"26":{"start":{"line":20,"column":13},"end":{"line":20,"column":31}},"27":{"start":{"line":37,"column":8},"end":{"line":71,"column":null}},"28":{"start":{"line":20,"column":13},"end":{"line":95,"column":null}}},"fnMap":{"0":{"name":"(anonymous_4)","decl":{"start":{"line":23,"column":2},"end":{"line":23,"column":null}},"loc":{"start":{"line":25,"column":42},"end":{"line":26,"column":6}}},"1":{"name":"(anonymous_5)","decl":{"start":{"line":37,"column":2},"end":{"line":37,"column":7}},"loc":{"start":{"line":40,"column":49},"end":{"line":71,"column":3}}},"2":{"name":"(anonymous_6)","decl":{"start":{"line":74,"column":10},"end":{"line":74,"column":27}},"loc":{"start":{"line":74,"column":78},"end":{"line":94,"column":3}}}},"branchMap":{"0":{"loc":{"start":{"line":47,"column":49},"end":{"line":47,"column":72}},"type":"binary-expr","locations":[{"start":{"line":47,"column":49},"end":{"line":47,"column":63}},{"start":{"line":47,"column":67},"end":{"line":47,"column":72}}]},"1":{"loc":{"start":{"line":50,"column":4},"end":{"line":53,"column":5}},"type":"if","locations":[{"start":{"line":50,"column":4},"end":{"line":53,"column":5}}]},"2":{"loc":{"start":{"line":50,"column":8},"end":{"line":50,"column":73}},"type":"binary-expr","locations":[{"start":{"line":50,"column":8},"end":{"line":50,"column":41}},{"start":{"line":50,"column":45},"end":{"line":50,"column":73}}]},"3":{"loc":{"start":{"line":78,"column":4},"end":{"line":78,"column":65}},"type":"if","locations":[{"start":{"line":78,"column":4},"end":{"line":78,"column":65}}]},"4":{"loc":{"start":{"line":78,"column":8},"end":{"line":78,"column":56}},"type":"binary-expr","locations":[{"start":{"line":78,"column":8},"end":{"line":78,"column":15}},{"start":{"line":78,"column":19},"end":{"line":78,"column":56}}]},"5":{"loc":{"start":{"line":80,"column":4},"end":{"line":82,"column":5}},"type":"if","locations":[{"start":{"line":80,"column":4},"end":{"line":82,"column":5}}]},"6":{"loc":{"start":{"line":85,"column":23},"end":{"line":85,"column":38}},"type":"binary-expr","locations":[{"start":{"line":85,"column":23},"end":{"line":85,"column":32}},{"start":{"line":85,"column":36},"end":{"line":85,"column":38}}]},"7":{"loc":{"start":{"line":91,"column":4},"end":{"line":93,"column":5}},"type":"if","locations":[{"start":{"line":91,"column":4},"end":{"line":93,"column":5}}]}},"s":{"0":1,"1":1,"2":1,"3":1,"4":1,"5":1,"6":1,"7":1,"8":1,"9":3,"10":3,"11":3,"12":1,"13":1,"14":2,"15":2,"16":3,"17":3,"18":3,"19":0,"20":0,"21":0,"22":0,"23":0,"24":0,"25":0,"26":1,"27":1,"28":1},"f":{"0":1,"1":3,"2":3},"b":{"0":[3,2],"1":[1],"2":[3,2],"3":[3],"4":[3,3],"5":[0],"6":[0,0],"7":[0]}}
,"C:\\Users\\muneeb\\Downloads\\timeoff-service\\timeoff-service\\src\\modules\\webhooks\\webhooks.module.ts": {"path":"C:\\Users\\muneeb\\Downloads\\timeoff-service\\timeoff-service\\src\\modules\\webhooks\\webhooks.module.ts","statementMap":{"0":{"start":{"line":1,"column":0},"end":{"line":1,"column":40}},"1":{"start":{"line":2,"column":0},"end":{"line":2,"column":59}},"2":{"start":{"line":3,"column":0},"end":{"line":3,"column":61}},"3":{"start":{"line":9,"column":7},"end":{"line":9,"column":null}},"4":{"start":{"line":9,"column":13},"end":{"line":9,"column":27}},"5":{"start":{"line":9,"column":13},"end":{"line":9,"column":null}}},"fnMap":{},"branchMap":{},"s":{"0":1,"1":1,"2":1,"3":1,"4":1,"5":1},"f":{},"b":{}}
}
