TN:
SF:mock-hcm\server.js
FN:35,authMiddleware
FN:44,errorSimMiddleware
FN:77,getBalance
FN:83,setBalance
FN:94,(anonymous_4)
FN:124,(anonymous_5)
FN:182,(anonymous_6)
FN:210,(anonymous_7)
FN:221,(anonymous_8)
FN:233,(anonymous_9)
FN:250,(anonymous_10)
FN:258,(anonymous_11)
FN:268,(anonymous_12)
FNF:13
FNH:11
FNDA:25,authMiddleware
FNDA:79,errorSimMiddleware
FNDA:51,getBalance
FNDA:33,setBalance
FNDA:13,(anonymous_4)
FNDA:12,(anonymous_5)
FNDA:0,(anonymous_6)
FNDA:20,(anonymous_7)
FNDA:3,(anonymous_8)
FNDA:2,(anonymous_9)
FNDA:2,(anonymous_10)
FNDA:24,(anonymous_11)
FNDA:0,(anonymous_12)
DA:16,1
DA:17,1
DA:18,1
DA:20,1
DA:21,1
DA:25,1
DA:28,1
DA:31,1
DA:32,1
DA:36,25
DA:37,25
DA:38,0
DA:40,25
DA:45,79
DA:46,3
DA:47,3
DA:48,3
DA:50,0
DA:51,0
DA:53,3
DA:54,1
DA:59,2
DA:61,0
DA:63,2
DA:64,2
DA:67,0
DA:68,0
DA:71,76
DA:74,1
DA:78,51
DA:84,33
DA:85,33
DA:94,1
DA:95,13
DA:97,13
DA:98,0
DA:101,13
DA:103,13
DA:104,1
DA:110,12
DA:124,1
DA:125,12
DA:127,12
DA:128,0
DA:131,12
DA:133,12
DA:134,0
DA:140,12
DA:141,10
DA:142,1
DA:149,9
DA:150,2
DA:151,2
DA:153,0
DA:156,11
DA:158,11
DA:170,11
DA:182,1
DA:183,0
DA:185,0
DA:186,0
DA:189,0
DA:190,0
DA:191,0
DA:192,0
DA:193,0
DA:197,0
DA:210,1
DA:211,20
DA:212,20
DA:213,20
DA:221,1
DA:222,3
DA:223,3
DA:224,3
DA:225,3
DA:233,1
DA:234,2
DA:235,2
DA:236,2
DA:237,2
DA:250,1
DA:251,2
DA:258,1
DA:259,24
DA:260,24
DA:261,24
DA:262,24
DA:263,24
DA:267,1
DA:268,0
DA:269,0
DA:270,0
DA:271,0
DA:275,1
LF:95
LH:72
BRDA:20,0,0,1
BRDA:20,0,1,1
BRDA:21,1,0,1
BRDA:21,1,1,0
BRDA:37,2,0,0
BRDA:37,2,1,25
BRDA:45,3,0,3
BRDA:45,3,1,76
BRDA:45,4,0,79
BRDA:45,4,1,6
BRDA:46,5,0,3
BRDA:46,5,1,0
BRDA:48,6,0,0
BRDA:48,6,1,3
BRDA:53,7,0,1
BRDA:53,7,1,2
BRDA:55,8,0,1
BRDA:55,8,1,0
BRDA:56,9,0,1
BRDA:56,9,1,0
BRDA:59,10,0,0
BRDA:59,10,1,2
BRDA:63,11,0,2
BRDA:63,11,1,0
BRDA:78,12,0,50
BRDA:78,12,1,1
BRDA:78,13,0,51
BRDA:78,13,1,50
BRDA:84,14,0,20
BRDA:84,14,1,13
BRDA:97,15,0,0
BRDA:97,15,1,13
BRDA:97,16,0,13
BRDA:97,16,1,13
BRDA:103,17,0,1
BRDA:103,17,1,12
BRDA:127,18,0,0
BRDA:127,18,1,12
BRDA:127,19,0,12
BRDA:127,19,1,12
BRDA:127,19,2,12
BRDA:127,19,3,12
BRDA:133,20,0,0
BRDA:133,20,1,12
BRDA:140,21,0,10
BRDA:140,21,1,2
BRDA:141,22,0,1
BRDA:141,22,1,9
BRDA:150,23,0,2
BRDA:150,23,1,0
BRDA:185,24,0,0
BRDA:185,24,1,0
BRDA:191,25,0,0
BRDA:191,25,1,0
BRDA:191,26,0,0
BRDA:191,26,1,0
BRDA:191,26,2,0
BRDA:222,27,0,0
BRDA:235,28,0,2
BRDA:235,28,1,0
BRDA:267,29,0,0
BRDA:267,29,1,1
BRF:62
BRH:40
end_of_record
TN:
SF:src\app.module.ts
FN:23,(anonymous_1)
FNF:1
FNH:1
FNDA:1,(anonymous_1)
DA:1,1
DA:2,1
DA:3,1
DA:4,1
DA:5,1
DA:6,1
DA:7,1
DA:8,1
DA:9,1
DA:10,1
DA:11,1
DA:12,1
DA:23,1
DA:40,1
LF:14
LH:14
BRF:0
BRH:0
end_of_record
TN:
SF:src\common\filters\http-exception.filter.ts
FN:12,(anonymous_1)
FN:15,(anonymous_2)
FNF:2
FNH:2
FNDA:1,(anonymous_1)
FNDA:9,(anonymous_2)
DA:1,1
DA:12,1
DA:13,1
DA:16,9
DA:17,9
DA:18,9
DA:20,9
DA:21,9
DA:22,9
DA:24,9
DA:25,9
DA:26,9
DA:27,9
DA:28,0
DA:29,9
DA:30,9
DA:31,9
DA:33,0
DA:34,0
DA:35,0
DA:38,9
LF:21
LH:17
BRDA:24,0,0,9
BRDA:24,0,1,0
BRDA:27,1,0,0
BRDA:27,1,1,9
BRDA:29,2,0,9
BRDA:30,3,0,9
BRDA:30,3,1,0
BRDA:31,4,0,9
BRDA:31,4,1,0
BRDA:33,5,0,0
BRF:10
BRH:5
end_of_record
TN:
SF:src\modules\balances\balances.controller.ts
FN:10,(anonymous_4)
FN:18,(anonymous_5)
FN:47,(anonymous_6)
FN:62,(anonymous_7)
FNF:4
FNH:4
FNDA:1,(anonymous_4)
FNDA:7,(anonymous_5)
FNDA:1,(anonymous_6)
FNDA:24,(anonymous_7)
DA:1,1
DA:5,1
DA:6,1
DA:9,1
DA:10,1
DA:18,1
DA:23,7
DA:25,6
DA:26,1
DA:27,1
DA:29,6
DA:30,0
DA:33,6
DA:47,1
DA:48,1
DA:49,1
DA:62,1
DA:63,24
DA:64,24
DA:65,0
DA:67,24
DA:68,24
LF:22
LH:20
BRDA:25,0,0,1
BRDA:29,1,0,0
BRDA:64,2,0,0
BRDA:64,3,0,24
BRDA:64,3,1,24
BRF:5
BRH:3
end_of_record
TN:
SF:src\modules\balances\balances.module.ts
FNF:0
FNH:0
DA:1,1
DA:2,1
DA:3,1
DA:4,1
DA:5,1
DA:6,1
DA:7,1
DA:15,1
LF:8
LH:8
BRF:0
BRH:0
end_of_record
TN:
SF:src\modules\balances\balances.service.ts
FN:18,(anonymous_4)
FN:29,(anonymous_5)
FN:71,(anonymous_6)
FN:77,(anonymous_7)
FN:111,(anonymous_8)
FN:112,(anonymous_9)
FN:151,(anonymous_10)
FN:156,(anonymous_11)
FN:180,(anonymous_12)
FN:185,(anonymous_13)
FN:197,(anonymous_14)
FNF:11
FNH:7
FNDA:1,(anonymous_4)
FNDA:20,(anonymous_5)
FNDA:12,(anonymous_6)
FNDA:24,(anonymous_7)
FNDA:39,(anonymous_8)
FNDA:39,(anonymous_9)
FNDA:0,(anonymous_10)
FNDA:0,(anonymous_11)
FNDA:0,(anonymous_12)
FNDA:0,(anonymous_13)
FNDA:19,(anonymous_14)
DA:1,1
DA:7,1
DA:8,1
DA:9,1
DA:10,1
DA:11,1
DA:12,1
DA:15,1
DA:16,1
DA:20,1
DA:22,1
DA:23,1
DA:24,1
DA:25,1
DA:34,20
DA:38,20
DA:40,1
DA:41,1
DA:42,0
DA:43,0
DA:45,1
DA:52,19
DA:53,19
DA:54,1
DA:55,1
DA:56,0
DA:57,0
DA:60,1
DA:63,1
DA:67,18
DA:72,12
DA:73,12
DA:81,24
DA:82,24
DA:83,24
DA:86,24
DA:87,25
DA:88,25
DA:89,25
DA:91,0
DA:92,0
DA:93,0
DA:98,24
DA:104,24
DA:106,24
DA:107,24
DA:112,39
DA:113,39
DA:115,39
DA:119,39
DA:121,16
DA:122,16
DA:124,23
DA:132,39
DA:135,39
DA:136,14
DA:137,14
DA:146,39
DA:156,0
DA:157,0
DA:159,0
DA:164,0
DA:165,0
DA:168,0
DA:169,0
DA:174,0
DA:175,0
DA:185,0
DA:186,0
DA:187,0
DA:188,0
DA:189,0
DA:191,0
DA:192,0
DA:198,19
DA:200,19
DA:201,19
DA:202,19
LF:78
LH:55
BRDA:38,0,0,1
BRDA:53,1,0,1
BRDA:100,2,0,24
BRDA:100,2,1,0
BRDA:100,3,0,0
BRDA:100,3,1,0
BRDA:102,4,0,0
BRDA:102,4,1,24
BRDA:119,5,0,16
BRDA:119,5,1,23
BRDA:135,6,0,14
BRDA:164,7,0,0
BRDA:168,8,0,0
BRDA:188,9,0,0
BRDA:198,10,0,0
BRF:15
BRH:7
end_of_record
TN:
SF:src\modules\balances\dto\balance.dto.ts
FNF:0
FNH:0
DA:1,1
DA:3,1
DA:6,1
DA:10,1
DA:13,1
DA:16,1
DA:20,1
DA:23,1
DA:26,1
DA:30,1
LF:10
LH:10
BRF:0
BRH:0
end_of_record
TN:
SF:src\modules\balances\entities\leave-balance.entity.ts
FNF:0
FNH:0
DA:1,1
DA:13,1
DA:15,1
DA:18,1
DA:21,1
DA:24,1
DA:27,1
DA:31,1
DA:34,1
DA:37,1
LF:10
LH:10
BRF:0
BRH:0
end_of_record
TN:
SF:src\modules\hcm\hcm.module.ts
FNF:0
FNH:0
DA:1,1
DA:2,1
DA:8,1
LF:3
LH:3
BRF:0
BRH:0
end_of_record
TN:
SF:src\modules\hcm\hcm.service.ts
FN:35,(anonymous_2)
FN:50,(anonymous_3)
FN:51,(anonymous_4)
FN:71,(anonymous_5)
FN:72,(anonymous_6)
FN:104,(anonymous_7)
FN:129,(anonymous_8)
FN:130,(anonymous_9)
FNF:8
FNH:6
FNDA:1,(anonymous_2)
FNDA:14,(anonymous_3)
FNDA:14,(anonymous_4)
FNDA:14,(anonymous_5)
FNDA:14,(anonymous_6)
FNDA:28,(anonymous_7)
FNDA:0,(anonymous_8)
FNDA:0,(anonymous_9)
DA:1,1
DA:2,1
DA:3,1
DA:29,1
DA:30,1
DA:35,1
DA:36,1
DA:37,1
DA:39,1
DA:51,14
DA:52,14
DA:55,12
DA:58,12
DA:59,0
DA:62,12
DA:72,14
DA:73,14
DA:74,14
DA:75,11
DA:78,11
DA:79,0
DA:82,11
DA:85,3
DA:86,3
DA:88,3
DA:92,3
DA:107,28
DA:108,28
DA:109,28
DA:111,2
DA:112,2
DA:114,2
DA:116,2
DA:119,0
DA:120,0
DA:121,0
DA:125,2
DA:126,2
DA:130,0
LF:39
LH:33
BRDA:58,0,0,0
BRDA:58,1,0,12
BRDA:58,1,1,12
BRDA:63,2,0,12
BRDA:63,2,1,0
BRDA:64,3,0,12
BRDA:64,3,1,0
BRDA:78,4,0,0
BRDA:86,5,0,3
BRDA:86,5,1,0
BRDA:94,6,0,3
BRDA:94,6,1,3
BRDA:95,7,0,3
BRDA:95,7,1,1
BRDA:95,8,0,1
BRDA:95,8,1,0
BRDA:96,9,0,3
BRDA:96,9,1,1
BRDA:96,9,2,0
BRDA:114,10,0,2
BRDA:114,11,0,2
BRDA:114,11,1,0
BRF:22
BRH:14
end_of_record
TN:
SF:src\modules\requests\requests.controller.ts
FN:11,(anonymous_4)
FN:20,(anonymous_5)
FN:29,(anonymous_6)
FN:38,(anonymous_7)
FN:53,(anonymous_8)
FN:62,(anonymous_9)
FN:74,(anonymous_10)
FNF:7
FNH:7
FNDA:1,(anonymous_4)
FNDA:15,(anonymous_5)
FNDA:1,(anonymous_6)
FNDA:1,(anonymous_7)
FNDA:4,(anonymous_8)
FNDA:1,(anonymous_9)
FNDA:2,(anonymous_10)
DA:1,1
DA:5,1
DA:6,1
DA:7,1
DA:10,1
DA:11,1
DA:20,1
DA:21,15
DA:29,1
DA:30,1
DA:38,1
DA:42,1
DA:43,0
DA:45,1
DA:53,1
DA:54,4
DA:62,1
DA:66,1
DA:74,1
DA:75,2
LF:20
LH:19
BRDA:42,0,0,0
BRF:1
BRH:0
end_of_record
TN:
SF:src\modules\requests\requests.module.ts
FNF:0
FNH:0
DA:1,1
DA:2,1
DA:3,1
DA:4,1
DA:5,1
DA:6,1
DA:7,1
DA:15,1
LF:8
LH:8
BRF:0
BRH:0
end_of_record
TN:
SF:src\modules\requests\requests.service.ts
FN:20,(anonymous_4)
FN:28,(anonymous_5)
FN:111,(anonymous_6)
FN:118,(anonymous_7)
FN:125,(anonymous_8)
FN:141,(anonymous_9)
FN:176,(anonymous_10)
FN:210,(anonymous_11)
FN:218,(anonymous_12)
FN:222,(anonymous_13)
FNF:10
FNH:9
FNDA:1,(anonymous_4)
FNDA:15,(anonymous_5)
FNDA:8,(anonymous_6)
FNDA:1,(anonymous_7)
FNDA:4,(anonymous_8)
FNDA:1,(anonymous_9)
FNDA:2,(anonymous_10)
FNDA:13,(anonymous_11)
FNDA:0,(anonymous_12)
FNDA:14,(anonymous_13)
DA:1,1
DA:9,1
DA:10,1
DA:11,1
DA:12,1
DA:13,1
DA:17,1
DA:18,1
DA:22,1
DA:23,1
DA:24,1
DA:30,15
DA:31,1
DA:35,14
DA:38,13
DA:41,13
DA:42,13
DA:44,13
DA:45,1
DA:54,12
DA:58,12
DA:61,12
DA:62,12
DA:72,12
DA:73,1
DA:76,1
DA:77,11
DA:78,9
DA:79,9
DA:82,9
DA:83,9
DA:85,0
DA:88,2
DA:89,2
DA:93,2
DA:94,2
DA:100,2
DA:103,0
DA:104,0
DA:107,10
DA:112,8
DA:113,8
DA:114,8
DA:119,1
DA:120,1
DA:121,1
DA:126,4
DA:128,4
DA:129,1
DA:134,3
DA:135,3
DA:136,3
DA:137,3
DA:142,1
DA:144,1
DA:145,0
DA:151,1
DA:152,1
DA:161,0
DA:166,1
DA:167,1
DA:170,1
DA:171,1
DA:172,1
DA:177,2
DA:179,2
DA:180,2
DA:181,1
DA:187,1
DA:188,1
DA:189,1
DA:197,1
DA:199,0
DA:203,1
DA:204,1
DA:211,13
DA:218,13
DA:229,14
DA:235,14
DA:243,14
DA:244,14
DA:246,14
DA:247,1
DA:248,1
DA:249,1
DA:251,1
DA:252,1
LF:87
LH:81
BRDA:30,0,0,1
BRDA:44,1,0,1
BRDA:72,2,0,1
BRDA:72,2,1,11
BRDA:77,3,0,9
BRDA:77,3,1,2
BRDA:95,4,0,2
BRDA:95,4,1,0
BRDA:96,5,0,2
BRDA:96,5,1,0
BRDA:100,6,0,2
BRDA:100,7,0,2
BRDA:100,7,1,0
BRDA:113,8,0,0
BRDA:120,9,0,0
BRDA:128,10,0,1
BRDA:144,11,0,0
BRDA:171,12,0,1
BRDA:180,13,0,1
BRDA:187,14,0,1
BRDA:247,15,0,0
BRDA:247,16,0,1
BRDA:247,16,1,0
BRDA:251,17,0,1
BRDA:251,18,0,1
BRDA:251,18,1,1
BRF:26
BRH:18
end_of_record
TN:
SF:src\modules\requests\dto\request.dto.ts
FNF:0
FNH:0
DA:1,1
DA:5,1
DA:8,1
DA:12,1
DA:17,1
DA:20,1
DA:23,1
DA:27,1
DA:30,1
DA:33,1
LF:10
LH:10
BRF:0
BRH:0
end_of_record
TN:
SF:src\modules\requests\entities\time-off-request.entity.ts
FN:9,(anonymous_2)
FNF:1
FNH:1
FNDA:1,(anonymous_2)
DA:1,1
DA:9,1
DA:10,1
DA:11,1
DA:12,1
DA:13,1
DA:14,1
DA:15,1
DA:16,1
DA:20,1
DA:22,1
DA:25,1
DA:28,1
DA:31,1
DA:34,1
DA:37,1
DA:40,1
DA:43,1
DA:46,1
DA:49,1
DA:52,1
LF:21
LH:21
BRDA:9,0,0,1
BRDA:9,0,1,1
BRF:2
BRH:2
end_of_record
TN:
SF:src\modules\sync\sync.controller.ts
FN:6,(anonymous_4)
FN:9,(anonymous_5)
FN:16,(anonymous_6)
FNF:3
FNH:1
FNDA:1,(anonymous_4)
FNDA:0,(anonymous_5)
FNDA:0,(anonymous_6)
DA:1,1
DA:2,1
DA:5,1
DA:6,1
DA:9,1
DA:12,0
DA:16,1
DA:17,0
LF:8
LH:6
BRF:0
BRH:0
end_of_record
TN:
SF:src\modules\sync\sync.module.ts
FNF:0
FNH:0
DA:1,1
DA:2,1
DA:3,1
DA:4,1
DA:5,1
DA:13,1
LF:6
LH:6
BRF:0
BRH:0
end_of_record
TN:
SF:src\modules\sync\sync.service.ts
FN:8,(anonymous_4)
FN:13,(anonymous_5)
FN:20,(anonymous_6)
FNF:3
FNH:1
FNDA:1,(anonymous_4)
FNDA:0,(anonymous_5)
FNDA:0,(anonymous_6)
DA:1,1
DA:2,1
DA:3,1
DA:4,1
DA:7,1
DA:10,1
DA:14,0
DA:21,0
LF:8
LH:6
BRDA:13,0,0,0
BRF:1
BRH:0
end_of_record
TN:
SF:src\modules\sync\entities\sync-log.entity.ts
FN:3,(anonymous_2)
FN:4,(anonymous_3)
FNF:2
FNH:2
FNDA:1,(anonymous_2)
FNDA:1,(anonymous_3)
DA:1,1
DA:3,1
DA:4,1
DA:7,1
DA:9,1
DA:12,1
DA:15,1
DA:18,1
DA:21,1
DA:24,1
DA:27,1
DA:30,1
LF:12
LH:12
BRDA:3,0,0,1
BRDA:3,0,1,1
BRDA:4,1,0,1
BRDA:4,1,1,1
BRF:4
BRH:4
end_of_record
TN:
SF:src\modules\test\test.controller.ts
FN:10,(anonymous_2)
FN:17,(anonymous_3)
FNF:2
FNH:2
FNDA:1,(anonymous_2)
FNDA:24,(anonymous_3)
DA:1,1
DA:2,1
DA:9,1
DA:10,1
DA:17,1
DA:18,24
DA:19,24
LF:7
LH:7
BRF:0
BRH:0
end_of_record
TN:
SF:src\modules\test\test.module.ts
FNF:0
FNH:0
DA:1,1
DA:2,1
DA:3,1
DA:4,1
DA:5,1
DA:6,1
DA:7,1
DA:15,1
LF:8
LH:8
BRF:0
BRH:0
end_of_record
TN:
SF:src\modules\test\test.service.ts
FN:10,(anonymous_4)
FN:23,(anonymous_5)
FNF:2
FNH:2
FNDA:1,(anonymous_4)
FNDA:24,(anonymous_5)
DA:1,1
DA:2,1
DA:3,1
DA:4,1
DA:5,1
DA:6,1
DA:9,1
DA:12,1
DA:14,1
DA:16,1
DA:25,24
DA:26,24
DA:27,24
LF:13
LH:13
BRF:0
BRH:0
end_of_record
TN:
SF:src\modules\webhooks\webhooks.controller.ts
FN:23,(anonymous_4)
FN:37,(anonymous_5)
FN:74,(anonymous_6)
FNF:3
FNH:3
FNDA:1,(anonymous_4)
FNDA:3,(anonymous_5)
FNDA:3,(anonymous_6)
DA:1,1
DA:5,1
DA:6,1
DA:7,1
DA:8,1
DA:20,1
DA:21,1
DA:24,1
DA:25,1
DA:37,1
DA:43,3
DA:45,3
DA:50,3
DA:51,1
DA:52,1
DA:56,2
DA:65,2
DA:75,3
DA:78,3
DA:80,0
DA:81,0
DA:84,0
DA:85,0
DA:86,0
DA:91,0
DA:92,0
LF:26
LH:19
BRDA:47,0,0,3
BRDA:47,0,1,2
BRDA:50,1,0,1
BRDA:50,2,0,3
BRDA:50,2,1,2
BRDA:78,3,0,3
BRDA:78,4,0,3
BRDA:78,4,1,3
BRDA:80,5,0,0
BRDA:85,6,0,0
BRDA:85,6,1,0
BRDA:91,7,0,0
BRF:12
BRH:8
end_of_record
TN:
SF:src\modules\webhooks\webhooks.module.ts
FNF:0
FNH:0
DA:1,1
DA:2,1
DA:3,1
DA:9,1
LF:4
LH:4
BRF:0
BRH:0
end_of_record
